[0.155s] DEBUG:colcon:Command line arguments: ['/usr/bin/colcon', 'build']
[0.155s] DEBUG:colcon:Parsed command line arguments: Namespace(log_base=None, log_level=None, verb_name='build', build_base='build', install_base='install', merge_install=False, symlink_install=False, test_result_base=None, continue_on_error=False, executor='parallel', parallel_workers=4, event_handlers=None, ignore_user_meta=False, metas=['./colcon.meta'], base_paths=['.'], packages_ignore=None, packages_ignore_regex=None, paths=None, packages_up_to=None, packages_up_to_regex=None, packages_above=None, packages_above_and_dependencies=None, packages_above_depth=None, packages_select_by_dep=None, packages_skip_by_dep=None, packages_skip_up_to=None, packages_select_build_failed=False, packages_skip_build_finished=False, packages_select_test_failures=False, packages_skip_test_passed=False, packages_select=None, packages_skip=None, packages_select_regex=None, packages_skip_regex=None, packages_start=None, packages_end=None, allow_overriding=[], cmake_args=None, cmake_target=None, cmake_target_skip_unavailable=False, cmake_clean_cache=False, cmake_clean_first=False, cmake_force_configure=False, ament_cmake_args=None, catkin_cmake_args=None, catkin_skip_building_tests=False, mixin_files=None, mixin=None, verb_parser=<colcon_mixin.mixin.mixin_argument.MixinArgumentDecorator object at 0xffffacf5a470>, verb_extension=<colcon_core.verb.build.BuildVerb object at 0xffffad11ea10>, main=<bound method BuildVerb.main of <colcon_core.verb.build.BuildVerb object at 0xffffad11ea10>>, mixin_verb=('build',))
[0.407s] Level 1:colcon.colcon_core.package_discovery:discover_packages(colcon_meta) check parameters
[0.407s] Level 1:colcon.colcon_core.package_discovery:discover_packages(recursive) check parameters
[0.407s] Level 1:colcon.colcon_core.package_discovery:discover_packages(ignore) check parameters
[0.407s] Level 1:colcon.colcon_core.package_discovery:discover_packages(path) check parameters
[0.407s] Level 1:colcon.colcon_core.package_discovery:discover_packages(colcon_meta) discover
[0.407s] Level 1:colcon.colcon_core.package_discovery:discover_packages(recursive) discover
[0.407s] INFO:colcon.colcon_core.package_discovery:Crawling recursively for packages in '/home/mac_vaibubuntu/ass6_ws'
[0.408s] Level 1:colcon.colcon_core.package_identification:_identify(.) by extensions ['ignore', 'ignore_ament_install']
[0.408s] Level 1:colcon.colcon_core.package_identification:_identify(.) by extension 'ignore'
[0.408s] Level 1:colcon.colcon_core.package_identification:_identify(.) by extension 'ignore_ament_install'
[0.408s] Level 1:colcon.colcon_core.package_identification:_identify(.) by extensions ['colcon_pkg']
[0.408s] Level 1:colcon.colcon_core.package_identification:_identify(.) by extension 'colcon_pkg'
[0.408s] Level 1:colcon.colcon_core.package_identification:_identify(.) by extensions ['colcon_meta']
[0.408s] Level 1:colcon.colcon_core.package_identification:_identify(.) by extension 'colcon_meta'
[0.408s] Level 1:colcon.colcon_core.package_identification:_identify(.) by extensions ['ros']
[0.408s] Level 1:colcon.colcon_core.package_identification:_identify(.) by extension 'ros'
[0.422s] Level 1:colcon.colcon_core.package_identification:_identify(.) by extensions ['cmake', 'python']
[0.422s] Level 1:colcon.colcon_core.package_identification:_identify(.) by extension 'cmake'
[0.422s] Level 1:colcon.colcon_core.package_identification:_identify(.) by extension 'python'
[0.422s] Level 1:colcon.colcon_core.package_identification:_identify(.) by extensions ['python_setup_py']
[0.422s] Level 1:colcon.colcon_core.package_identification:_identify(.) by extension 'python_setup_py'
[0.422s] Level 1:colcon.colcon_core.package_identification:_identify(build) by extensions ['ignore', 'ignore_ament_install']
[0.422s] Level 1:colcon.colcon_core.package_identification:_identify(build) by extension 'ignore'
[0.422s] Level 1:colcon.colcon_core.package_identification:_identify(build) ignored
[0.422s] Level 1:colcon.colcon_core.package_identification:_identify(install) by extensions ['ignore', 'ignore_ament_install']
[0.422s] Level 1:colcon.colcon_core.package_identification:_identify(install) by extension 'ignore'
[0.422s] Level 1:colcon.colcon_core.package_identification:_identify(install) ignored
[0.423s] Level 1:colcon.colcon_core.package_identification:_identify(log) by extensions ['ignore', 'ignore_ament_install']
[0.423s] Level 1:colcon.colcon_core.package_identification:_identify(log) by extension 'ignore'
[0.423s] Level 1:colcon.colcon_core.package_identification:_identify(log) ignored
[0.423s] Level 1:colcon.colcon_core.package_identification:_identify(src) by extensions ['ignore', 'ignore_ament_install']
[0.423s] Level 1:colcon.colcon_core.package_identification:_identify(src) by extension 'ignore'
[0.423s] Level 1:colcon.colcon_core.package_identification:_identify(src) by extension 'ignore_ament_install'
[0.423s] Level 1:colcon.colcon_core.package_identification:_identify(src) by extensions ['colcon_pkg']
[0.423s] Level 1:colcon.colcon_core.package_identification:_identify(src) by extension 'colcon_pkg'
[0.423s] Level 1:colcon.colcon_core.package_identification:_identify(src) by extensions ['colcon_meta']
[0.423s] Level 1:colcon.colcon_core.package_identification:_identify(src) by extension 'colcon_meta'
[0.423s] Level 1:colcon.colcon_core.package_identification:_identify(src) by extensions ['ros']
[0.423s] Level 1:colcon.colcon_core.package_identification:_identify(src) by extension 'ros'
[0.423s] Level 1:colcon.colcon_core.package_identification:_identify(src) by extensions ['cmake', 'python']
[0.423s] Level 1:colcon.colcon_core.package_identification:_identify(src) by extension 'cmake'
[0.423s] Level 1:colcon.colcon_core.package_identification:_identify(src) by extension 'python'
[0.423s] Level 1:colcon.colcon_core.package_identification:_identify(src) by extensions ['python_setup_py']
[0.423s] Level 1:colcon.colcon_core.package_identification:_identify(src) by extension 'python_setup_py'
[0.424s] Level 1:colcon.colcon_core.package_identification:_identify(src/robo_ro) by extensions ['ignore', 'ignore_ament_install']
[0.424s] Level 1:colcon.colcon_core.package_identification:_identify(src/robo_ro) by extension 'ignore'
[0.424s] Level 1:colcon.colcon_core.package_identification:_identify(src/robo_ro) by extension 'ignore_ament_install'
[0.424s] Level 1:colcon.colcon_core.package_identification:_identify(src/robo_ro) by extensions ['colcon_pkg']
[0.424s] Level 1:colcon.colcon_core.package_identification:_identify(src/robo_ro) by extension 'colcon_pkg'
[0.424s] Level 1:colcon.colcon_core.package_identification:_identify(src/robo_ro) by extensions ['colcon_meta']
[0.424s] Level 1:colcon.colcon_core.package_identification:_identify(src/robo_ro) by extension 'colcon_meta'
[0.424s] Level 1:colcon.colcon_core.package_identification:_identify(src/robo_ro) by extensions ['ros']
[0.424s] Level 1:colcon.colcon_core.package_identification:_identify(src/robo_ro) by extension 'ros'
[0.427s] DEBUG:colcon.colcon_core.package_identification:Package 'src/robo_ro' with type 'ros.ament_cmake' and name 'robo_ro'
[0.427s] Level 1:colcon.colcon_core.package_identification:_identify(src/rover_iroc) by extensions ['ignore', 'ignore_ament_install']
[0.427s] Level 1:colcon.colcon_core.package_identification:_identify(src/rover_iroc) by extension 'ignore'
[0.427s] Level 1:colcon.colcon_core.package_identification:_identify(src/rover_iroc) by extension 'ignore_ament_install'
[0.427s] Level 1:colcon.colcon_core.package_identification:_identify(src/rover_iroc) by extensions ['colcon_pkg']
[0.428s] Level 1:colcon.colcon_core.package_identification:_identify(src/rover_iroc) by extension 'colcon_pkg'
[0.428s] Level 1:colcon.colcon_core.package_identification:_identify(src/rover_iroc) by extensions ['colcon_meta']
[0.428s] Level 1:colcon.colcon_core.package_identification:_identify(src/rover_iroc) by extension 'colcon_meta'
[0.428s] Level 1:colcon.colcon_core.package_identification:_identify(src/rover_iroc) by extensions ['ros']
[0.428s] Level 1:colcon.colcon_core.package_identification:_identify(src/rover_iroc) by extension 'ros'
[0.428s] DEBUG:colcon.colcon_core.package_identification:Package 'src/rover_iroc' with type 'ros.ament_python' and name 'rover_iroc'
[0.428s] Level 1:colcon.colcon_core.package_discovery:discover_packages(recursive) using defaults
[0.428s] Level 1:colcon.colcon_core.package_discovery:discover_packages(ignore) discover
[0.428s] Level 1:colcon.colcon_core.package_discovery:discover_packages(ignore) using defaults
[0.428s] Level 1:colcon.colcon_core.package_discovery:discover_packages(path) discover
[0.428s] Level 1:colcon.colcon_core.package_discovery:discover_packages(path) using defaults
[0.469s] Level 1:colcon.colcon_core.package_discovery:discover_packages(prefix_path) check parameters
[0.469s] Level 1:colcon.colcon_core.package_discovery:discover_packages(prefix_path) discover
[0.471s] DEBUG:colcon.colcon_installed_package_information.package_discovery:Found 1 installed packages in /home/mac_vaibubuntu/iroc_ws/install
[0.473s] DEBUG:colcon.colcon_installed_package_information.package_discovery:Found 288 installed packages in /opt/ros/humble
[0.474s] Level 1:colcon.colcon_core.package_discovery:discover_packages(prefix_path) using defaults
[0.533s] Level 5:colcon.colcon_core.verb:set package 'robo_ro' build argument 'cmake_args' from command line to 'None'
[0.533s] Level 5:colcon.colcon_core.verb:set package 'robo_ro' build argument 'cmake_target' from command line to 'None'
[0.533s] Level 5:colcon.colcon_core.verb:set package 'robo_ro' build argument 'cmake_target_skip_unavailable' from command line to 'False'
[0.533s] Level 5:colcon.colcon_core.verb:set package 'robo_ro' build argument 'cmake_clean_cache' from command line to 'False'
[0.533s] Level 5:colcon.colcon_core.verb:set package 'robo_ro' build argument 'cmake_clean_first' from command line to 'False'
[0.533s] Level 5:colcon.colcon_core.verb:set package 'robo_ro' build argument 'cmake_force_configure' from command line to 'False'
[0.533s] Level 5:colcon.colcon_core.verb:set package 'robo_ro' build argument 'ament_cmake_args' from command line to 'None'
[0.533s] Level 5:colcon.colcon_core.verb:set package 'robo_ro' build argument 'catkin_cmake_args' from command line to 'None'
[0.533s] Level 5:colcon.colcon_core.verb:set package 'robo_ro' build argument 'catkin_skip_building_tests' from command line to 'False'
[0.533s] DEBUG:colcon.colcon_core.verb:Building package 'robo_ro' with the following arguments: {'ament_cmake_args': None, 'build_base': '/home/mac_vaibubuntu/ass6_ws/build/robo_ro', 'catkin_cmake_args': None, 'catkin_skip_building_tests': False, 'cmake_args': None, 'cmake_clean_cache': False, 'cmake_clean_first': False, 'cmake_force_configure': False, 'cmake_target': None, 'cmake_target_skip_unavailable': False, 'install_base': '/home/mac_vaibubuntu/ass6_ws/install/robo_ro', 'merge_install': False, 'path': '/home/mac_vaibubuntu/ass6_ws/src/robo_ro', 'symlink_install': False, 'test_result_base': None}
[0.534s] Level 5:colcon.colcon_core.verb:set package 'rover_iroc' build argument 'cmake_args' from command line to 'None'
[0.534s] Level 5:colcon.colcon_core.verb:set package 'rover_iroc' build argument 'cmake_target' from command line to 'None'
[0.534s] Level 5:colcon.colcon_core.verb:set package 'rover_iroc' build argument 'cmake_target_skip_unavailable' from command line to 'False'
[0.534s] Level 5:colcon.colcon_core.verb:set package 'rover_iroc' build argument 'cmake_clean_cache' from command line to 'False'
[0.534s] Level 5:colcon.colcon_core.verb:set package 'rover_iroc' build argument 'cmake_clean_first' from command line to 'False'
[0.534s] Level 5:colcon.colcon_core.verb:set package 'rover_iroc' build argument 'cmake_force_configure' from command line to 'False'
[0.534s] Level 5:colcon.colcon_core.verb:set package 'rover_iroc' build argument 'ament_cmake_args' from command line to 'None'
[0.534s] Level 5:colcon.colcon_core.verb:set package 'rover_iroc' build argument 'catkin_cmake_args' from command line to 'None'
[0.534s] Level 5:colcon.colcon_core.verb:set package 'rover_iroc' build argument 'catkin_skip_building_tests' from command line to 'False'
[0.534s] DEBUG:colcon.colcon_core.verb:Building package 'rover_iroc' with the following arguments: {'ament_cmake_args': None, 'build_base': '/home/mac_vaibubuntu/ass6_ws/build/rover_iroc', 'catkin_cmake_args': None, 'catkin_skip_building_tests': False, 'cmake_args': None, 'cmake_clean_cache': False, 'cmake_clean_first': False, 'cmake_force_configure': False, 'cmake_target': None, 'cmake_target_skip_unavailable': False, 'install_base': '/home/mac_vaibubuntu/ass6_ws/install/rover_iroc', 'merge_install': False, 'path': '/home/mac_vaibubuntu/ass6_ws/src/rover_iroc', 'symlink_install': False, 'test_result_base': None}
[0.534s] INFO:colcon.colcon_core.executor:Executing jobs using 'parallel' executor
[0.543s] DEBUG:colcon.colcon_parallel_executor.executor.parallel:run_until_complete
[0.543s] INFO:colcon.colcon_ros.task.ament_cmake.build:Building ROS package in '/home/mac_vaibubuntu/ass6_ws/src/robo_ro' with build type 'ament_cmake'
[0.543s] INFO:colcon.colcon_cmake.task.cmake.build:Building CMake package in '/home/mac_vaibubuntu/ass6_ws/src/robo_ro'
[0.546s] INFO:colcon.colcon_core.plugin_system:Skipping extension 'colcon_core.shell.bat': Not used on non-Windows systems
[0.546s] INFO:colcon.colcon_core.shell:Skip shell extension 'powershell' for command environment: Not usable outside of PowerShell
[0.546s] DEBUG:colcon.colcon_core.shell:Skip shell extension 'dsv' for command environment
[0.550s] INFO:colcon.colcon_ros.task.ament_python.build:Building ROS package in '/home/mac_vaibubuntu/ass6_ws/src/rover_iroc' with build type 'ament_python'
[0.550s] Level 1:colcon.colcon_core.shell:create_environment_hook('rover_iroc', 'ament_prefix_path')
[0.550s] INFO:colcon.colcon_core.shell:Creating environment hook '/home/mac_vaibubuntu/ass6_ws/install/rover_iroc/share/rover_iroc/hook/ament_prefix_path.ps1'
[0.552s] INFO:colcon.colcon_core.shell:Creating environment descriptor '/home/mac_vaibubuntu/ass6_ws/install/rover_iroc/share/rover_iroc/hook/ament_prefix_path.dsv'
[0.552s] INFO:colcon.colcon_core.shell:Creating environment hook '/home/mac_vaibubuntu/ass6_ws/install/rover_iroc/share/rover_iroc/hook/ament_prefix_path.sh'
[0.553s] INFO:colcon.colcon_core.shell:Skip shell extension 'powershell' for command environment: Not usable outside of PowerShell
[0.553s] DEBUG:colcon.colcon_core.shell:Skip shell extension 'dsv' for command environment
[0.572s] DEBUG:colcon.colcon_core.event_handler.log_command:Invoking command in '/home/mac_vaibubuntu/ass6_ws/build/robo_ro': CMAKE_PREFIX_PATH=${CMAKE_PREFIX_PATH}:/opt/ros/humble /usr/bin/cmake --build /home/mac_vaibubuntu/ass6_ws/build/robo_ro -- -j4 -l4
[0.924s] INFO:colcon.colcon_core.task.python.build:Building Python package in '/home/mac_vaibubuntu/ass6_ws/src/rover_iroc'
[0.924s] INFO:colcon.colcon_core.shell:Skip shell extension 'powershell' for command environment: Not usable outside of PowerShell
[0.924s] DEBUG:colcon.colcon_core.shell:Skip shell extension 'dsv' for command environment
[0.929s] DEBUG:colcon.colcon_core.event_handler.log_command:Invoked command in '/home/mac_vaibubuntu/ass6_ws/build/robo_ro' returned '0': CMAKE_PREFIX_PATH=${CMAKE_PREFIX_PATH}:/opt/ros/humble /usr/bin/cmake --build /home/mac_vaibubuntu/ass6_ws/build/robo_ro -- -j4 -l4
[1.059s] DEBUG:colcon.colcon_core.event_handler.log_command:Invoking command in '/home/mac_vaibubuntu/ass6_ws/build/robo_ro': CMAKE_PREFIX_PATH=${CMAKE_PREFIX_PATH}:/opt/ros/humble /usr/bin/cmake --install /home/mac_vaibubuntu/ass6_ws/build/robo_ro
[1.086s] Level 1:colcon.colcon_core.environment:create_environment_scripts_only(robo_ro)
[1.087s] DEBUG:colcon.colcon_core.event_handler.log_command:Invoked command in '/home/mac_vaibubuntu/ass6_ws/build/robo_ro' returned '0': CMAKE_PREFIX_PATH=${CMAKE_PREFIX_PATH}:/opt/ros/humble /usr/bin/cmake --install /home/mac_vaibubuntu/ass6_ws/build/robo_ro
[1.154s] Level 1:colcon.colcon_core.environment:checking '/home/mac_vaibubuntu/ass6_ws/install/robo_ro' for CMake module files
[1.157s] Level 1:colcon.colcon_core.environment:checking '/home/mac_vaibubuntu/ass6_ws/install/robo_ro' for CMake config files
[1.158s] Level 1:colcon.colcon_core.shell:create_environment_hook('robo_ro', 'cmake_prefix_path')
[1.158s] INFO:colcon.colcon_core.shell:Creating environment hook '/home/mac_vaibubuntu/ass6_ws/install/robo_ro/share/robo_ro/hook/cmake_prefix_path.ps1'
[1.160s] INFO:colcon.colcon_core.shell:Creating environment descriptor '/home/mac_vaibubuntu/ass6_ws/install/robo_ro/share/robo_ro/hook/cmake_prefix_path.dsv'
[1.161s] INFO:colcon.colcon_core.shell:Creating environment hook '/home/mac_vaibubuntu/ass6_ws/install/robo_ro/share/robo_ro/hook/cmake_prefix_path.sh'
[1.162s] Level 1:colcon.colcon_core.environment:checking '/home/mac_vaibubuntu/ass6_ws/install/robo_ro/bin'
[1.162s] Level 1:colcon.colcon_core.environment:checking '/home/mac_vaibubuntu/ass6_ws/install/robo_ro/lib/pkgconfig/robo_ro.pc'
[1.163s] Level 1:colcon.colcon_core.environment:checking '/home/mac_vaibubuntu/ass6_ws/install/robo_ro/lib/python3.10/site-packages'
[1.164s] Level 1:colcon.colcon_core.environment:checking '/home/mac_vaibubuntu/ass6_ws/install/robo_ro/bin'
[1.164s] INFO:colcon.colcon_core.shell:Creating package script '/home/mac_vaibubuntu/ass6_ws/install/robo_ro/share/robo_ro/package.ps1'
[1.165s] INFO:colcon.colcon_core.shell:Creating package descriptor '/home/mac_vaibubuntu/ass6_ws/install/robo_ro/share/robo_ro/package.dsv'
[1.166s] INFO:colcon.colcon_core.shell:Creating package script '/home/mac_vaibubuntu/ass6_ws/install/robo_ro/share/robo_ro/package.sh'
[1.168s] INFO:colcon.colcon_core.shell:Creating package script '/home/mac_vaibubuntu/ass6_ws/install/robo_ro/share/robo_ro/package.bash'
[1.170s] INFO:colcon.colcon_core.shell:Creating package script '/home/mac_vaibubuntu/ass6_ws/install/robo_ro/share/robo_ro/package.zsh'
[1.172s] Level 1:colcon.colcon_core.environment:create_file_with_runtime_dependencies(/home/mac_vaibubuntu/ass6_ws/install/robo_ro/share/colcon-core/packages/robo_ro)
[1.322s] Level 1:colcon.colcon_core.environment:create_environment_scripts_only(robo_ro)
[1.322s] Level 1:colcon.colcon_core.environment:checking '/home/mac_vaibubuntu/ass6_ws/install/robo_ro' for CMake module files
[1.322s] Level 1:colcon.colcon_core.environment:checking '/home/mac_vaibubuntu/ass6_ws/install/robo_ro' for CMake config files
[1.323s] Level 1:colcon.colcon_core.shell:create_environment_hook('robo_ro', 'cmake_prefix_path')
[1.323s] INFO:colcon.colcon_core.shell:Creating environment hook '/home/mac_vaibubuntu/ass6_ws/install/robo_ro/share/robo_ro/hook/cmake_prefix_path.ps1'
[1.324s] INFO:colcon.colcon_core.shell:Creating environment descriptor '/home/mac_vaibubuntu/ass6_ws/install/robo_ro/share/robo_ro/hook/cmake_prefix_path.dsv'
[1.325s] INFO:colcon.colcon_core.shell:Creating environment hook '/home/mac_vaibubuntu/ass6_ws/install/robo_ro/share/robo_ro/hook/cmake_prefix_path.sh'
[1.327s] Level 1:colcon.colcon_core.environment:checking '/home/mac_vaibubuntu/ass6_ws/install/robo_ro/bin'
[1.327s] Level 1:colcon.colcon_core.environment:checking '/home/mac_vaibubuntu/ass6_ws/install/robo_ro/lib/pkgconfig/robo_ro.pc'
[1.327s] Level 1:colcon.colcon_core.environment:checking '/home/mac_vaibubuntu/ass6_ws/install/robo_ro/lib/python3.10/site-packages'
[1.328s] Level 1:colcon.colcon_core.environment:checking '/home/mac_vaibubuntu/ass6_ws/install/robo_ro/bin'
[1.328s] INFO:colcon.colcon_core.shell:Creating package script '/home/mac_vaibubuntu/ass6_ws/install/robo_ro/share/robo_ro/package.ps1'
[1.329s] INFO:colcon.colcon_core.shell:Creating package descriptor '/home/mac_vaibubuntu/ass6_ws/install/robo_ro/share/robo_ro/package.dsv'
[1.330s] INFO:colcon.colcon_core.shell:Creating package script '/home/mac_vaibubuntu/ass6_ws/install/robo_ro/share/robo_ro/package.sh'
[1.331s] INFO:colcon.colcon_core.shell:Creating package script '/home/mac_vaibubuntu/ass6_ws/install/robo_ro/share/robo_ro/package.bash'
[1.332s] INFO:colcon.colcon_core.shell:Creating package script '/home/mac_vaibubuntu/ass6_ws/install/robo_ro/share/robo_ro/package.zsh'
[1.333s] Level 1:colcon.colcon_core.environment:create_file_with_runtime_dependencies(/home/mac_vaibubuntu/ass6_ws/install/robo_ro/share/colcon-core/packages/robo_ro)
[1.904s] DEBUG:colcon.colcon_core.event_handler.log_command:Invoking command in '/home/mac_vaibubuntu/ass6_ws/src/rover_iroc': PYTHONPATH=/home/mac_vaibubuntu/ass6_ws/build/rover_iroc/prefix_override:/home/mac_vaibubuntu/ass6_ws/install/rover_iroc/lib/python3.10/site-packages:${PYTHONPATH} /usr/bin/python3 -W ignore:setup.py install is deprecated setup.py egg_info --egg-base ../../build/rover_iroc build --build-base /home/mac_vaibubuntu/ass6_ws/build/rover_iroc/build install --record /home/mac_vaibubuntu/ass6_ws/build/rover_iroc/install.log --single-version-externally-managed install_data
[2.228s] Level 1:colcon.colcon_core.environment:checking '/home/mac_vaibubuntu/ass6_ws/install/rover_iroc' for CMake module files
[2.228s] DEBUG:colcon.colcon_core.event_handler.log_command:Invoked command in '/home/mac_vaibubuntu/ass6_ws/src/rover_iroc' returned '0': PYTHONPATH=/home/mac_vaibubuntu/ass6_ws/build/rover_iroc/prefix_override:/home/mac_vaibubuntu/ass6_ws/install/rover_iroc/lib/python3.10/site-packages:${PYTHONPATH} /usr/bin/python3 -W ignore:setup.py install is deprecated setup.py egg_info --egg-base ../../build/rover_iroc build --build-base /home/mac_vaibubuntu/ass6_ws/build/rover_iroc/build install --record /home/mac_vaibubuntu/ass6_ws/build/rover_iroc/install.log --single-version-externally-managed install_data
[2.229s] Level 1:colcon.colcon_core.environment:checking '/home/mac_vaibubuntu/ass6_ws/install/rover_iroc' for CMake config files
[2.229s] Level 1:colcon.colcon_core.environment:checking '/home/mac_vaibubuntu/ass6_ws/install/rover_iroc/lib'
[2.229s] Level 1:colcon.colcon_core.environment:checking '/home/mac_vaibubuntu/ass6_ws/install/rover_iroc/bin'
[2.229s] Level 1:colcon.colcon_core.environment:checking '/home/mac_vaibubuntu/ass6_ws/install/rover_iroc/lib/pkgconfig/rover_iroc.pc'
[2.230s] Level 1:colcon.colcon_core.environment:checking '/home/mac_vaibubuntu/ass6_ws/install/rover_iroc/lib/python3.10/site-packages'
[2.230s] Level 1:colcon.colcon_core.shell:create_environment_hook('rover_iroc', 'pythonpath')
[2.230s] INFO:colcon.colcon_core.shell:Creating environment hook '/home/mac_vaibubuntu/ass6_ws/install/rover_iroc/share/rover_iroc/hook/pythonpath.ps1'
[2.230s] INFO:colcon.colcon_core.shell:Creating environment descriptor '/home/mac_vaibubuntu/ass6_ws/install/rover_iroc/share/rover_iroc/hook/pythonpath.dsv'
[2.230s] INFO:colcon.colcon_core.shell:Creating environment hook '/home/mac_vaibubuntu/ass6_ws/install/rover_iroc/share/rover_iroc/hook/pythonpath.sh'
[2.231s] Level 1:colcon.colcon_core.environment:checking '/home/mac_vaibubuntu/ass6_ws/install/rover_iroc/bin'
[2.231s] Level 1:colcon.colcon_core.environment:create_environment_scripts_only(rover_iroc)
[2.231s] INFO:colcon.colcon_core.shell:Creating package script '/home/mac_vaibubuntu/ass6_ws/install/rover_iroc/share/rover_iroc/package.ps1'
[2.232s] INFO:colcon.colcon_core.shell:Creating package descriptor '/home/mac_vaibubuntu/ass6_ws/install/rover_iroc/share/rover_iroc/package.dsv'
[2.232s] INFO:colcon.colcon_core.shell:Creating package script '/home/mac_vaibubuntu/ass6_ws/install/rover_iroc/share/rover_iroc/package.sh'
[2.233s] INFO:colcon.colcon_core.shell:Creating package script '/home/mac_vaibubuntu/ass6_ws/install/rover_iroc/share/rover_iroc/package.bash'
[2.233s] INFO:colcon.colcon_core.shell:Creating package script '/home/mac_vaibubuntu/ass6_ws/install/rover_iroc/share/rover_iroc/package.zsh'
[2.233s] Level 1:colcon.colcon_core.environment:create_file_with_runtime_dependencies(/home/mac_vaibubuntu/ass6_ws/install/rover_iroc/share/colcon-core/packages/rover_iroc)
[2.233s] DEBUG:colcon.colcon_parallel_executor.executor.parallel:closing loop
[2.233s] DEBUG:colcon.colcon_parallel_executor.executor.parallel:loop closed
[2.234s] DEBUG:colcon.colcon_parallel_executor.executor.parallel:run_until_complete finished with '0'
[2.234s] DEBUG:colcon.colcon_core.event_reactor:joining thread
[2.243s] INFO:colcon.colcon_core.plugin_system:Skipping extension 'colcon_notification.desktop_notification.terminal_notifier': Not used on non-Darwin systems
[2.243s] INFO:colcon.colcon_core.plugin_system:Skipping extension 'colcon_notification.desktop_notification.win32': Not used on non-Windows systems
[2.243s] INFO:colcon.colcon_notification.desktop_notification:Sending desktop notification using 'notify2'
[2.271s] DEBUG:colcon.colcon_core.event_reactor:joined thread
[2.271s] INFO:colcon.colcon_core.shell:Creating prefix script '/home/mac_vaibubuntu/ass6_ws/install/local_setup.ps1'
[2.273s] INFO:colcon.colcon_core.shell:Creating prefix util module '/home/mac_vaibubuntu/ass6_ws/install/_local_setup_util_ps1.py'
[2.274s] INFO:colcon.colcon_core.shell:Creating prefix chain script '/home/mac_vaibubuntu/ass6_ws/install/setup.ps1'
[2.275s] INFO:colcon.colcon_core.shell:Creating prefix script '/home/mac_vaibubuntu/ass6_ws/install/local_setup.sh'
[2.276s] INFO:colcon.colcon_core.shell:Creating prefix util module '/home/mac_vaibubuntu/ass6_ws/install/_local_setup_util_sh.py'
[2.276s] INFO:colcon.colcon_core.shell:Creating prefix chain script '/home/mac_vaibubuntu/ass6_ws/install/setup.sh'
[2.277s] INFO:colcon.colcon_core.shell:Creating prefix script '/home/mac_vaibubuntu/ass6_ws/install/local_setup.bash'
[2.278s] INFO:colcon.colcon_core.shell:Creating prefix chain script '/home/mac_vaibubuntu/ass6_ws/install/setup.bash'
[2.279s] INFO:colcon.colcon_core.shell:Creating prefix script '/home/mac_vaibubuntu/ass6_ws/install/local_setup.zsh'
[2.279s] INFO:colcon.colcon_core.shell:Creating prefix chain script '/home/mac_vaibubuntu/ass6_ws/install/setup.zsh'
