[0.174s] DEBUG:colcon:Command line arguments: ['/usr/bin/colcon', 'build']
[0.174s] DEBUG:colcon:Parsed command line arguments: Namespace(log_base=None, log_level=None, verb_name='build', build_base='build', install_base='install', merge_install=False, symlink_install=False, test_result_base=None, continue_on_error=False, executor='parallel', parallel_workers=4, event_handlers=None, ignore_user_meta=False, metas=['./colcon.meta'], base_paths=['.'], packages_ignore=None, packages_ignore_regex=None, paths=None, packages_up_to=None, packages_up_to_regex=None, packages_above=None, packages_above_and_dependencies=None, packages_above_depth=None, packages_select_by_dep=None, packages_skip_by_dep=None, packages_skip_up_to=None, packages_select_build_failed=False, packages_skip_build_finished=False, packages_select_test_failures=False, packages_skip_test_passed=False, packages_select=None, packages_skip=None, packages_select_regex=None, packages_skip_regex=None, packages_start=None, packages_end=None, allow_overriding=[], cmake_args=None, cmake_target=None, cmake_target_skip_unavailable=False, cmake_clean_cache=False, cmake_clean_first=False, cmake_force_configure=False, ament_cmake_args=None, catkin_cmake_args=None, catkin_skip_building_tests=False, mixin_files=None, mixin=None, verb_parser=<colcon_mixin.mixin.mixin_argument.MixinArgumentDecorator object at 0xffff9e78a470>, verb_extension=<colcon_core.verb.build.BuildVerb object at 0xffff9e94ea10>, main=<bound method BuildVerb.main of <colcon_core.verb.build.BuildVerb object at 0xffff9e94ea10>>, mixin_verb=('build',))
[0.412s] Level 1:colcon.colcon_core.package_discovery:discover_packages(colcon_meta) check parameters
[0.412s] Level 1:colcon.colcon_core.package_discovery:discover_packages(recursive) check parameters
[0.412s] Level 1:colcon.colcon_core.package_discovery:discover_packages(ignore) check parameters
[0.412s] Level 1:colcon.colcon_core.package_discovery:discover_packages(path) check parameters
[0.412s] Level 1:colcon.colcon_core.package_discovery:discover_packages(colcon_meta) discover
[0.412s] Level 1:colcon.colcon_core.package_discovery:discover_packages(recursive) discover
[0.412s] INFO:colcon.colcon_core.package_discovery:Crawling recursively for packages in '/home/mac_vaibubuntu/ass6_ws'
[0.412s] Level 1:colcon.colcon_core.package_identification:_identify(.) by extensions ['ignore', 'ignore_ament_install']
[0.412s] Level 1:colcon.colcon_core.package_identification:_identify(.) by extension 'ignore'
[0.412s] Level 1:colcon.colcon_core.package_identification:_identify(.) by extension 'ignore_ament_install'
[0.412s] Level 1:colcon.colcon_core.package_identification:_identify(.) by extensions ['colcon_pkg']
[0.412s] Level 1:colcon.colcon_core.package_identification:_identify(.) by extension 'colcon_pkg'
[0.412s] Level 1:colcon.colcon_core.package_identification:_identify(.) by extensions ['colcon_meta']
[0.412s] Level 1:colcon.colcon_core.package_identification:_identify(.) by extension 'colcon_meta'
[0.412s] Level 1:colcon.colcon_core.package_identification:_identify(.) by extensions ['ros']
[0.412s] Level 1:colcon.colcon_core.package_identification:_identify(.) by extension 'ros'
[0.431s] Level 1:colcon.colcon_core.package_identification:_identify(.) by extensions ['cmake', 'python']
[0.431s] Level 1:colcon.colcon_core.package_identification:_identify(.) by extension 'cmake'
[0.431s] Level 1:colcon.colcon_core.package_identification:_identify(.) by extension 'python'
[0.431s] Level 1:colcon.colcon_core.package_identification:_identify(.) by extensions ['python_setup_py']
[0.431s] Level 1:colcon.colcon_core.package_identification:_identify(.) by extension 'python_setup_py'
[0.432s] Level 1:colcon.colcon_core.package_identification:_identify(build) by extensions ['ignore', 'ignore_ament_install']
[0.432s] Level 1:colcon.colcon_core.package_identification:_identify(build) by extension 'ignore'
[0.432s] Level 1:colcon.colcon_core.package_identification:_identify(build) ignored
[0.432s] Level 1:colcon.colcon_core.package_identification:_identify(install) by extensions ['ignore', 'ignore_ament_install']
[0.432s] Level 1:colcon.colcon_core.package_identification:_identify(install) by extension 'ignore'
[0.432s] Level 1:colcon.colcon_core.package_identification:_identify(install) ignored
[0.432s] Level 1:colcon.colcon_core.package_identification:_identify(log) by extensions ['ignore', 'ignore_ament_install']
[0.432s] Level 1:colcon.colcon_core.package_identification:_identify(log) by extension 'ignore'
[0.432s] Level 1:colcon.colcon_core.package_identification:_identify(log) ignored
[0.432s] Level 1:colcon.colcon_core.package_identification:_identify(src) by extensions ['ignore', 'ignore_ament_install']
[0.432s] Level 1:colcon.colcon_core.package_identification:_identify(src) by extension 'ignore'
[0.433s] Level 1:colcon.colcon_core.package_identification:_identify(src) by extension 'ignore_ament_install'
[0.433s] Level 1:colcon.colcon_core.package_identification:_identify(src) by extensions ['colcon_pkg']
[0.433s] Level 1:colcon.colcon_core.package_identification:_identify(src) by extension 'colcon_pkg'
[0.433s] Level 1:colcon.colcon_core.package_identification:_identify(src) by extensions ['colcon_meta']
[0.433s] Level 1:colcon.colcon_core.package_identification:_identify(src) by extension 'colcon_meta'
[0.433s] Level 1:colcon.colcon_core.package_identification:_identify(src) by extensions ['ros']
[0.433s] Level 1:colcon.colcon_core.package_identification:_identify(src) by extension 'ros'
[0.433s] Level 1:colcon.colcon_core.package_identification:_identify(src) by extensions ['cmake', 'python']
[0.433s] Level 1:colcon.colcon_core.package_identification:_identify(src) by extension 'cmake'
[0.433s] Level 1:colcon.colcon_core.package_identification:_identify(src) by extension 'python'
[0.433s] Level 1:colcon.colcon_core.package_identification:_identify(src) by extensions ['python_setup_py']
[0.433s] Level 1:colcon.colcon_core.package_identification:_identify(src) by extension 'python_setup_py'
[0.433s] Level 1:colcon.colcon_core.package_identification:_identify(src/robo_ro) by extensions ['ignore', 'ignore_ament_install']
[0.433s] Level 1:colcon.colcon_core.package_identification:_identify(src/robo_ro) by extension 'ignore'
[0.433s] Level 1:colcon.colcon_core.package_identification:_identify(src/robo_ro) by extension 'ignore_ament_install'
[0.433s] Level 1:colcon.colcon_core.package_identification:_identify(src/robo_ro) by extensions ['colcon_pkg']
[0.433s] Level 1:colcon.colcon_core.package_identification:_identify(src/robo_ro) by extension 'colcon_pkg'
[0.433s] Level 1:colcon.colcon_core.package_identification:_identify(src/robo_ro) by extensions ['colcon_meta']
[0.433s] Level 1:colcon.colcon_core.package_identification:_identify(src/robo_ro) by extension 'colcon_meta'
[0.434s] Level 1:colcon.colcon_core.package_identification:_identify(src/robo_ro) by extensions ['ros']
[0.434s] Level 1:colcon.colcon_core.package_identification:_identify(src/robo_ro) by extension 'ros'
[0.437s] DEBUG:colcon.colcon_core.package_identification:Package 'src/robo_ro' with type 'ros.ament_cmake' and name 'robo_ro'
[0.437s] Level 1:colcon.colcon_core.package_identification:_identify(src/rover_iroc) by extensions ['ignore', 'ignore_ament_install']
[0.437s] Level 1:colcon.colcon_core.package_identification:_identify(src/rover_iroc) by extension 'ignore'
[0.438s] Level 1:colcon.colcon_core.package_identification:_identify(src/rover_iroc) by extension 'ignore_ament_install'
[0.438s] Level 1:colcon.colcon_core.package_identification:_identify(src/rover_iroc) by extensions ['colcon_pkg']
[0.438s] Level 1:colcon.colcon_core.package_identification:_identify(src/rover_iroc) by extension 'colcon_pkg'
[0.438s] Level 1:colcon.colcon_core.package_identification:_identify(src/rover_iroc) by extensions ['colcon_meta']
[0.438s] Level 1:colcon.colcon_core.package_identification:_identify(src/rover_iroc) by extension 'colcon_meta'
[0.438s] Level 1:colcon.colcon_core.package_identification:_identify(src/rover_iroc) by extensions ['ros']
[0.438s] Level 1:colcon.colcon_core.package_identification:_identify(src/rover_iroc) by extension 'ros'
[0.439s] DEBUG:colcon.colcon_core.package_identification:Package 'src/rover_iroc' with type 'ros.ament_python' and name 'rover_iroc'
[0.439s] Level 1:colcon.colcon_core.package_discovery:discover_packages(recursive) using defaults
[0.439s] Level 1:colcon.colcon_core.package_discovery:discover_packages(ignore) discover
[0.439s] Level 1:colcon.colcon_core.package_discovery:discover_packages(ignore) using defaults
[0.439s] Level 1:colcon.colcon_core.package_discovery:discover_packages(path) discover
[0.439s] Level 1:colcon.colcon_core.package_discovery:discover_packages(path) using defaults
[0.486s] Level 1:colcon.colcon_core.package_discovery:discover_packages(prefix_path) check parameters
[0.487s] Level 1:colcon.colcon_core.package_discovery:discover_packages(prefix_path) discover
[0.490s] DEBUG:colcon.colcon_installed_package_information.package_discovery:Found 1 installed packages in /home/mac_vaibubuntu/iroc_ws/install
[0.493s] DEBUG:colcon.colcon_installed_package_information.package_discovery:Found 288 installed packages in /opt/ros/humble
[0.496s] Level 1:colcon.colcon_core.package_discovery:discover_packages(prefix_path) using defaults
[0.559s] Level 5:colcon.colcon_core.verb:set package 'robo_ro' build argument 'cmake_args' from command line to 'None'
[0.559s] Level 5:colcon.colcon_core.verb:set package 'robo_ro' build argument 'cmake_target' from command line to 'None'
[0.559s] Level 5:colcon.colcon_core.verb:set package 'robo_ro' build argument 'cmake_target_skip_unavailable' from command line to 'False'
[0.559s] Level 5:colcon.colcon_core.verb:set package 'robo_ro' build argument 'cmake_clean_cache' from command line to 'False'
[0.559s] Level 5:colcon.colcon_core.verb:set package 'robo_ro' build argument 'cmake_clean_first' from command line to 'False'
[0.559s] Level 5:colcon.colcon_core.verb:set package 'robo_ro' build argument 'cmake_force_configure' from command line to 'False'
[0.559s] Level 5:colcon.colcon_core.verb:set package 'robo_ro' build argument 'ament_cmake_args' from command line to 'None'
[0.559s] Level 5:colcon.colcon_core.verb:set package 'robo_ro' build argument 'catkin_cmake_args' from command line to 'None'
[0.559s] Level 5:colcon.colcon_core.verb:set package 'robo_ro' build argument 'catkin_skip_building_tests' from command line to 'False'
[0.559s] DEBUG:colcon.colcon_core.verb:Building package 'robo_ro' with the following arguments: {'ament_cmake_args': None, 'build_base': '/home/mac_vaibubuntu/ass6_ws/build/robo_ro', 'catkin_cmake_args': None, 'catkin_skip_building_tests': False, 'cmake_args': None, 'cmake_clean_cache': False, 'cmake_clean_first': False, 'cmake_force_configure': False, 'cmake_target': None, 'cmake_target_skip_unavailable': False, 'install_base': '/home/mac_vaibubuntu/ass6_ws/install/robo_ro', 'merge_install': False, 'path': '/home/mac_vaibubuntu/ass6_ws/src/robo_ro', 'symlink_install': False, 'test_result_base': None}
[0.559s] Level 5:colcon.colcon_core.verb:set package 'rover_iroc' build argument 'cmake_args' from command line to 'None'
[0.559s] Level 5:colcon.colcon_core.verb:set package 'rover_iroc' build argument 'cmake_target' from command line to 'None'
[0.559s] Level 5:colcon.colcon_core.verb:set package 'rover_iroc' build argument 'cmake_target_skip_unavailable' from command line to 'False'
[0.559s] Level 5:colcon.colcon_core.verb:set package 'rover_iroc' build argument 'cmake_clean_cache' from command line to 'False'
[0.559s] Level 5:colcon.colcon_core.verb:set package 'rover_iroc' build argument 'cmake_clean_first' from command line to 'False'
[0.560s] Level 5:colcon.colcon_core.verb:set package 'rover_iroc' build argument 'cmake_force_configure' from command line to 'False'
[0.560s] Level 5:colcon.colcon_core.verb:set package 'rover_iroc' build argument 'ament_cmake_args' from command line to 'None'
[0.560s] Level 5:colcon.colcon_core.verb:set package 'rover_iroc' build argument 'catkin_cmake_args' from command line to 'None'
[0.560s] Level 5:colcon.colcon_core.verb:set package 'rover_iroc' build argument 'catkin_skip_building_tests' from command line to 'False'
[0.560s] DEBUG:colcon.colcon_core.verb:Building package 'rover_iroc' with the following arguments: {'ament_cmake_args': None, 'build_base': '/home/mac_vaibubuntu/ass6_ws/build/rover_iroc', 'catkin_cmake_args': None, 'catkin_skip_building_tests': False, 'cmake_args': None, 'cmake_clean_cache': False, 'cmake_clean_first': False, 'cmake_force_configure': False, 'cmake_target': None, 'cmake_target_skip_unavailable': False, 'install_base': '/home/mac_vaibubuntu/ass6_ws/install/rover_iroc', 'merge_install': False, 'path': '/home/mac_vaibubuntu/ass6_ws/src/rover_iroc', 'symlink_install': False, 'test_result_base': None}
[0.560s] INFO:colcon.colcon_core.executor:Executing jobs using 'parallel' executor
[0.561s] DEBUG:colcon.colcon_parallel_executor.executor.parallel:run_until_complete
[0.561s] INFO:colcon.colcon_ros.task.ament_cmake.build:Building ROS package in '/home/mac_vaibubuntu/ass6_ws/src/robo_ro' with build type 'ament_cmake'
[0.561s] INFO:colcon.colcon_cmake.task.cmake.build:Building CMake package in '/home/mac_vaibubuntu/ass6_ws/src/robo_ro'
[0.564s] INFO:colcon.colcon_core.plugin_system:Skipping extension 'colcon_core.shell.bat': Not used on non-Windows systems
[0.564s] INFO:colcon.colcon_core.shell:Skip shell extension 'powershell' for command environment: Not usable outside of PowerShell
[0.564s] DEBUG:colcon.colcon_core.shell:Skip shell extension 'dsv' for command environment
[0.573s] INFO:colcon.colcon_ros.task.ament_python.build:Building ROS package in '/home/mac_vaibubuntu/ass6_ws/src/rover_iroc' with build type 'ament_python'
[0.573s] Level 1:colcon.colcon_core.shell:create_environment_hook('rover_iroc', 'ament_prefix_path')
[0.573s] INFO:colcon.colcon_core.shell:Creating environment hook '/home/mac_vaibubuntu/ass6_ws/install/rover_iroc/share/rover_iroc/hook/ament_prefix_path.ps1'
[0.574s] INFO:colcon.colcon_core.shell:Creating environment descriptor '/home/mac_vaibubuntu/ass6_ws/install/rover_iroc/share/rover_iroc/hook/ament_prefix_path.dsv'
[0.575s] INFO:colcon.colcon_core.shell:Creating environment hook '/home/mac_vaibubuntu/ass6_ws/install/rover_iroc/share/rover_iroc/hook/ament_prefix_path.sh'
[0.576s] INFO:colcon.colcon_core.shell:Skip shell extension 'powershell' for command environment: Not usable outside of PowerShell
[0.576s] DEBUG:colcon.colcon_core.shell:Skip shell extension 'dsv' for command environment
[0.595s] DEBUG:colcon.colcon_core.event_handler.log_command:Invoking command in '/home/mac_vaibubuntu/ass6_ws/build/robo_ro': CMAKE_PREFIX_PATH=${CMAKE_PREFIX_PATH}:/opt/ros/humble /usr/bin/cmake --build /home/mac_vaibubuntu/ass6_ws/build/robo_ro -- -j4 -l4
[0.959s] INFO:colcon.colcon_core.task.python.build:Building Python package in '/home/mac_vaibubuntu/ass6_ws/src/rover_iroc'
[0.959s] INFO:colcon.colcon_core.shell:Skip shell extension 'powershell' for command environment: Not usable outside of PowerShell
[0.959s] DEBUG:colcon.colcon_core.shell:Skip shell extension 'dsv' for command environment
[0.966s] DEBUG:colcon.colcon_core.event_handler.log_command:Invoked command in '/home/mac_vaibubuntu/ass6_ws/build/robo_ro' returned '0': CMAKE_PREFIX_PATH=${CMAKE_PREFIX_PATH}:/opt/ros/humble /usr/bin/cmake --build /home/mac_vaibubuntu/ass6_ws/build/robo_ro -- -j4 -l4
[1.027s] DEBUG:colcon.colcon_core.event_handler.log_command:Invoking command in '/home/mac_vaibubuntu/ass6_ws/build/robo_ro': CMAKE_PREFIX_PATH=${CMAKE_PREFIX_PATH}:/opt/ros/humble /usr/bin/cmake --install /home/mac_vaibubuntu/ass6_ws/build/robo_ro
[1.042s] Level 1:colcon.colcon_core.environment:create_environment_scripts_only(robo_ro)
[1.044s] Level 1:colcon.colcon_core.environment:checking '/home/mac_vaibubuntu/ass6_ws/install/robo_ro' for CMake module files
[1.045s] Level 1:colcon.colcon_core.environment:checking '/home/mac_vaibubuntu/ass6_ws/install/robo_ro' for CMake config files
[1.045s] Level 1:colcon.colcon_core.shell:create_environment_hook('robo_ro', 'cmake_prefix_path')
[1.045s] INFO:colcon.colcon_core.shell:Creating environment hook '/home/mac_vaibubuntu/ass6_ws/install/robo_ro/share/robo_ro/hook/cmake_prefix_path.ps1'
[1.046s] INFO:colcon.colcon_core.shell:Creating environment descriptor '/home/mac_vaibubuntu/ass6_ws/install/robo_ro/share/robo_ro/hook/cmake_prefix_path.dsv'
[1.046s] INFO:colcon.colcon_core.shell:Creating environment hook '/home/mac_vaibubuntu/ass6_ws/install/robo_ro/share/robo_ro/hook/cmake_prefix_path.sh'
[1.047s] DEBUG:colcon.colcon_core.event_handler.log_command:Invoked command in '/home/mac_vaibubuntu/ass6_ws/build/robo_ro' returned '0': CMAKE_PREFIX_PATH=${CMAKE_PREFIX_PATH}:/opt/ros/humble /usr/bin/cmake --install /home/mac_vaibubuntu/ass6_ws/build/robo_ro
[1.048s] Level 1:colcon.colcon_core.environment:checking '/home/mac_vaibubuntu/ass6_ws/install/robo_ro/bin'
[1.048s] Level 1:colcon.colcon_core.environment:checking '/home/mac_vaibubuntu/ass6_ws/install/robo_ro/lib/pkgconfig/robo_ro.pc'
[1.048s] Level 1:colcon.colcon_core.environment:checking '/home/mac_vaibubuntu/ass6_ws/install/robo_ro/lib/python3.10/site-packages'
[1.048s] Level 1:colcon.colcon_core.environment:checking '/home/mac_vaibubuntu/ass6_ws/install/robo_ro/bin'
[1.049s] INFO:colcon.colcon_core.shell:Creating package script '/home/mac_vaibubuntu/ass6_ws/install/robo_ro/share/robo_ro/package.ps1'
[1.050s] INFO:colcon.colcon_core.shell:Creating package descriptor '/home/mac_vaibubuntu/ass6_ws/install/robo_ro/share/robo_ro/package.dsv'
[1.050s] INFO:colcon.colcon_core.shell:Creating package script '/home/mac_vaibubuntu/ass6_ws/install/robo_ro/share/robo_ro/package.sh'
[1.051s] INFO:colcon.colcon_core.shell:Creating package script '/home/mac_vaibubuntu/ass6_ws/install/robo_ro/share/robo_ro/package.bash'
[1.052s] INFO:colcon.colcon_core.shell:Creating package script '/home/mac_vaibubuntu/ass6_ws/install/robo_ro/share/robo_ro/package.zsh'
[1.053s] Level 1:colcon.colcon_core.environment:create_file_with_runtime_dependencies(/home/mac_vaibubuntu/ass6_ws/install/robo_ro/share/colcon-core/packages/robo_ro)
[1.153s] Level 1:colcon.colcon_core.environment:create_environment_scripts_only(robo_ro)
[1.153s] Level 1:colcon.colcon_core.environment:checking '/home/mac_vaibubuntu/ass6_ws/install/robo_ro' for CMake module files
[1.154s] Level 1:colcon.colcon_core.environment:checking '/home/mac_vaibubuntu/ass6_ws/install/robo_ro' for CMake config files
[1.154s] Level 1:colcon.colcon_core.shell:create_environment_hook('robo_ro', 'cmake_prefix_path')
[1.154s] INFO:colcon.colcon_core.shell:Creating environment hook '/home/mac_vaibubuntu/ass6_ws/install/robo_ro/share/robo_ro/hook/cmake_prefix_path.ps1'
[1.155s] INFO:colcon.colcon_core.shell:Creating environment descriptor '/home/mac_vaibubuntu/ass6_ws/install/robo_ro/share/robo_ro/hook/cmake_prefix_path.dsv'
[1.155s] INFO:colcon.colcon_core.shell:Creating environment hook '/home/mac_vaibubuntu/ass6_ws/install/robo_ro/share/robo_ro/hook/cmake_prefix_path.sh'
[1.156s] Level 1:colcon.colcon_core.environment:checking '/home/mac_vaibubuntu/ass6_ws/install/robo_ro/bin'
[1.156s] Level 1:colcon.colcon_core.environment:checking '/home/mac_vaibubuntu/ass6_ws/install/robo_ro/lib/pkgconfig/robo_ro.pc'
[1.157s] Level 1:colcon.colcon_core.environment:checking '/home/mac_vaibubuntu/ass6_ws/install/robo_ro/lib/python3.10/site-packages'
[1.157s] Level 1:colcon.colcon_core.environment:checking '/home/mac_vaibubuntu/ass6_ws/install/robo_ro/bin'
[1.157s] INFO:colcon.colcon_core.shell:Creating package script '/home/mac_vaibubuntu/ass6_ws/install/robo_ro/share/robo_ro/package.ps1'
[1.158s] INFO:colcon.colcon_core.shell:Creating package descriptor '/home/mac_vaibubuntu/ass6_ws/install/robo_ro/share/robo_ro/package.dsv'
[1.158s] INFO:colcon.colcon_core.shell:Creating package script '/home/mac_vaibubuntu/ass6_ws/install/robo_ro/share/robo_ro/package.sh'
[1.159s] INFO:colcon.colcon_core.shell:Creating package script '/home/mac_vaibubuntu/ass6_ws/install/robo_ro/share/robo_ro/package.bash'
[1.159s] INFO:colcon.colcon_core.shell:Creating package script '/home/mac_vaibubuntu/ass6_ws/install/robo_ro/share/robo_ro/package.zsh'
[1.160s] Level 1:colcon.colcon_core.environment:create_file_with_runtime_dependencies(/home/mac_vaibubuntu/ass6_ws/install/robo_ro/share/colcon-core/packages/robo_ro)
[1.499s] DEBUG:colcon.colcon_core.event_handler.log_command:Invoking command in '/home/mac_vaibubuntu/ass6_ws/src/rover_iroc': PYTHONPATH=/home/mac_vaibubuntu/ass6_ws/build/rover_iroc/prefix_override:/home/mac_vaibubuntu/ass6_ws/install/rover_iroc/lib/python3.10/site-packages:${PYTHONPATH} /usr/bin/python3 -W ignore:setup.py install is deprecated setup.py egg_info --egg-base ../../build/rover_iroc build --build-base /home/mac_vaibubuntu/ass6_ws/build/rover_iroc/build install --record /home/mac_vaibubuntu/ass6_ws/build/rover_iroc/install.log --single-version-externally-managed install_data
[1.830s] Level 1:colcon.colcon_core.environment:checking '/home/mac_vaibubuntu/ass6_ws/install/rover_iroc' for CMake module files
[1.831s] Level 1:colcon.colcon_core.environment:checking '/home/mac_vaibubuntu/ass6_ws/install/rover_iroc' for CMake config files
[1.832s] Level 1:colcon.colcon_core.environment:checking '/home/mac_vaibubuntu/ass6_ws/install/rover_iroc/lib'
[1.832s] Level 1:colcon.colcon_core.environment:checking '/home/mac_vaibubuntu/ass6_ws/install/rover_iroc/bin'
[1.832s] Level 1:colcon.colcon_core.environment:checking '/home/mac_vaibubuntu/ass6_ws/install/rover_iroc/lib/pkgconfig/rover_iroc.pc'
[1.832s] Level 1:colcon.colcon_core.environment:checking '/home/mac_vaibubuntu/ass6_ws/install/rover_iroc/lib/python3.10/site-packages'
[1.832s] Level 1:colcon.colcon_core.shell:create_environment_hook('rover_iroc', 'pythonpath')
[1.833s] INFO:colcon.colcon_core.shell:Creating environment hook '/home/mac_vaibubuntu/ass6_ws/install/rover_iroc/share/rover_iroc/hook/pythonpath.ps1'
[1.833s] INFO:colcon.colcon_core.shell:Creating environment descriptor '/home/mac_vaibubuntu/ass6_ws/install/rover_iroc/share/rover_iroc/hook/pythonpath.dsv'
[1.834s] DEBUG:colcon.colcon_core.event_handler.log_command:Invoked command in '/home/mac_vaibubuntu/ass6_ws/src/rover_iroc' returned '0': PYTHONPATH=/home/mac_vaibubuntu/ass6_ws/build/rover_iroc/prefix_override:/home/mac_vaibubuntu/ass6_ws/install/rover_iroc/lib/python3.10/site-packages:${PYTHONPATH} /usr/bin/python3 -W ignore:setup.py install is deprecated setup.py egg_info --egg-base ../../build/rover_iroc build --build-base /home/mac_vaibubuntu/ass6_ws/build/rover_iroc/build install --record /home/mac_vaibubuntu/ass6_ws/build/rover_iroc/install.log --single-version-externally-managed install_data
[1.834s] INFO:colcon.colcon_core.shell:Creating environment hook '/home/mac_vaibubuntu/ass6_ws/install/rover_iroc/share/rover_iroc/hook/pythonpath.sh'
[1.835s] Level 1:colcon.colcon_core.environment:checking '/home/mac_vaibubuntu/ass6_ws/install/rover_iroc/bin'
[1.835s] Level 1:colcon.colcon_core.environment:create_environment_scripts_only(rover_iroc)
[1.835s] INFO:colcon.colcon_core.shell:Creating package script '/home/mac_vaibubuntu/ass6_ws/install/rover_iroc/share/rover_iroc/package.ps1'
[1.835s] INFO:colcon.colcon_core.shell:Creating package descriptor '/home/mac_vaibubuntu/ass6_ws/install/rover_iroc/share/rover_iroc/package.dsv'
[1.836s] INFO:colcon.colcon_core.shell:Creating package script '/home/mac_vaibubuntu/ass6_ws/install/rover_iroc/share/rover_iroc/package.sh'
[1.836s] INFO:colcon.colcon_core.shell:Creating package script '/home/mac_vaibubuntu/ass6_ws/install/rover_iroc/share/rover_iroc/package.bash'
[1.837s] INFO:colcon.colcon_core.shell:Creating package script '/home/mac_vaibubuntu/ass6_ws/install/rover_iroc/share/rover_iroc/package.zsh'
[1.837s] Level 1:colcon.colcon_core.environment:create_file_with_runtime_dependencies(/home/mac_vaibubuntu/ass6_ws/install/rover_iroc/share/colcon-core/packages/rover_iroc)
[1.837s] DEBUG:colcon.colcon_parallel_executor.executor.parallel:closing loop
[1.838s] DEBUG:colcon.colcon_parallel_executor.executor.parallel:loop closed
[1.838s] DEBUG:colcon.colcon_parallel_executor.executor.parallel:run_until_complete finished with '0'
[1.838s] DEBUG:colcon.colcon_core.event_reactor:joining thread
[1.844s] INFO:colcon.colcon_core.plugin_system:Skipping extension 'colcon_notification.desktop_notification.terminal_notifier': Not used on non-Darwin systems
[1.844s] INFO:colcon.colcon_core.plugin_system:Skipping extension 'colcon_notification.desktop_notification.win32': Not used on non-Windows systems
[1.844s] INFO:colcon.colcon_notification.desktop_notification:Sending desktop notification using 'notify2'
[1.891s] DEBUG:colcon.colcon_core.event_reactor:joined thread
[1.892s] INFO:colcon.colcon_core.shell:Creating prefix script '/home/mac_vaibubuntu/ass6_ws/install/local_setup.ps1'
[1.893s] INFO:colcon.colcon_core.shell:Creating prefix util module '/home/mac_vaibubuntu/ass6_ws/install/_local_setup_util_ps1.py'
[1.895s] INFO:colcon.colcon_core.shell:Creating prefix chain script '/home/mac_vaibubuntu/ass6_ws/install/setup.ps1'
[1.898s] INFO:colcon.colcon_core.shell:Creating prefix script '/home/mac_vaibubuntu/ass6_ws/install/local_setup.sh'
[1.912s] INFO:colcon.colcon_core.shell:Creating prefix util module '/home/mac_vaibubuntu/ass6_ws/install/_local_setup_util_sh.py'
[1.914s] INFO:colcon.colcon_core.shell:Creating prefix chain script '/home/mac_vaibubuntu/ass6_ws/install/setup.sh'
[1.916s] INFO:colcon.colcon_core.shell:Creating prefix script '/home/mac_vaibubuntu/ass6_ws/install/local_setup.bash'
[1.918s] INFO:colcon.colcon_core.shell:Creating prefix chain script '/home/mac_vaibubuntu/ass6_ws/install/setup.bash'
[1.920s] INFO:colcon.colcon_core.shell:Creating prefix script '/home/mac_vaibubuntu/ass6_ws/install/local_setup.zsh'
[1.921s] INFO:colcon.colcon_core.shell:Creating prefix chain script '/home/mac_vaibubuntu/ass6_ws/install/setup.zsh'
