-- The C compiler identification is GNU 11.4.0
-- The CXX compiler identification is GNU 11.4.0
-- Detecting C compiler ABI info
-- Detecting C compiler ABI info - done
-- Check for working C compiler: /usr/bin/cc - skipped
-- Detecting C compile features
-- Detecting C compile features - done
-- Detecting CXX compiler ABI info
-- Detecting CXX compiler ABI info - done
-- Check for working CXX compiler: /usr/bin/c++ - skipped
-- Detecting CXX compile features
-- Detecting CXX compile features - done
-- Found ament_cmake: 1.3.8 (/opt/ros/humble/share/ament_cmake/cmake)
-- Found Python3: /usr/bin/python3 (found version "3.10.12") found components: Interpreter 
-- Found ament_lint_auto: 0.12.10 (/opt/ros/humble/share/ament_lint_auto/cmake)
-- Added test 'lint_cmake' to check CMake code style
-- Added test 'xmllint' to check XML markup files
-- Configuring done
-- Generating done
-- Build files have been written to: /home/mac_vaibubuntu/ass6_ws/build/robo_ro
-- Install configuration: ""
-- Installing: /home/mac_vaibubuntu/ass6_ws/install/robo_ro/share/ament_index/resource_index/package_run_dependencies/robo_ro
-- Installing: /home/mac_vaibubuntu/ass6_ws/install/robo_ro/share/ament_index/resource_index/parent_prefix_path/robo_ro
-- Installing: /home/mac_vaibubuntu/ass6_ws/install/robo_ro/share/robo_ro/environment/ament_prefix_path.sh
-- Installing: /home/mac_vaibubuntu/ass6_ws/install/robo_ro/share/robo_ro/environment/ament_prefix_path.dsv
-- Installing: /home/mac_vaibubuntu/ass6_ws/install/robo_ro/share/robo_ro/environment/path.sh
-- Installing: /home/mac_vaibubuntu/ass6_ws/install/robo_ro/share/robo_ro/environment/path.dsv
-- Installing: /home/mac_vaibubuntu/ass6_ws/install/robo_ro/share/robo_ro/local_setup.bash
-- Installing: /home/mac_vaibubuntu/ass6_ws/install/robo_ro/share/robo_ro/local_setup.sh
-- Installing: /home/mac_vaibubuntu/ass6_ws/install/robo_ro/share/robo_ro/local_setup.zsh
-- Installing: /home/mac_vaibubuntu/ass6_ws/install/robo_ro/share/robo_ro/local_setup.dsv
-- Installing: /home/mac_vaibubuntu/ass6_ws/install/robo_ro/share/robo_ro/package.dsv
-- Installing: /home/mac_vaibubuntu/ass6_ws/install/robo_ro/share/ament_index/resource_index/packages/robo_ro
-- Installing: /home/mac_vaibubuntu/ass6_ws/install/robo_ro/share/robo_ro/cmake/robo_roConfig.cmake
-- Installing: /home/mac_vaibubuntu/ass6_ws/install/robo_ro/share/robo_ro/cmake/robo_roConfig-version.cmake
-- Installing: /home/mac_vaibubuntu/ass6_ws/install/robo_ro/share/robo_ro/package.xml
