[0.046s] Invoking command in '/home/mac_vaibubuntu/ass6_ws/build/robo_ro': CMAKE_PREFIX_PATH=${CMAKE_PREFIX_PATH}:/opt/ros/humble /usr/bin/cmake /home/mac_vaibubuntu/ass6_ws/src/robo_ro -DCMAKE_INSTALL_PREFIX=/home/mac_vaibubuntu/ass6_ws/install/robo_ro
[0.743s] -- The C compiler identification is GNU 11.4.0
[1.074s] -- The CXX compiler identification is GNU 11.4.0
[1.098s] -- Detecting C compiler ABI info
[1.286s] -- Detecting C compiler ABI info - done
[1.297s] -- Check for working C compiler: /usr/bin/cc - skipped
[1.297s] -- Detecting C compile features
[1.306s] -- Detecting C compile features - done
[1.317s] -- Detecting CXX compiler ABI info
[1.424s] -- Detecting CXX compiler ABI info - done
[1.437s] -- Check for working CXX compiler: /usr/bin/c++ - skipped
[1.438s] -- Detecting CXX compile features
[1.439s] -- Detecting CXX compile features - done
[1.460s] -- Found ament_cmake: 1.3.8 (/opt/ros/humble/share/ament_cmake/cmake)
[1.688s] -- Found Python3: /usr/bin/python3 (found version "3.10.12") found components: Interpreter 
[1.869s] -- Found ament_lint_auto: 0.12.10 (/opt/ros/humble/share/ament_lint_auto/cmake)
[1.999s] -- Added test 'lint_cmake' to check CMake code style
[2.001s] -- Added test 'xmllint' to check XML markup files
[2.004s] -- Configuring done
[2.009s] -- Generating done
[2.010s] -- Build files have been written to: /home/mac_vaibubuntu/ass6_ws/build/robo_ro
[2.015s] Invoked command in '/home/mac_vaibubuntu/ass6_ws/build/robo_ro' returned '0': CMAKE_PREFIX_PATH=${CMAKE_PREFIX_PATH}:/opt/ros/humble /usr/bin/cmake /home/mac_vaibubuntu/ass6_ws/src/robo_ro -DCMAKE_INSTALL_PREFIX=/home/mac_vaibubuntu/ass6_ws/install/robo_ro
[2.018s] Invoking command in '/home/mac_vaibubuntu/ass6_ws/build/robo_ro': CMAKE_PREFIX_PATH=${CMAKE_PREFIX_PATH}:/opt/ros/humble /usr/bin/cmake --build /home/mac_vaibubuntu/ass6_ws/build/robo_ro -- -j4 -l4
[2.071s] Invoked command in '/home/mac_vaibubuntu/ass6_ws/build/robo_ro' returned '0': CMAKE_PREFIX_PATH=${CMAKE_PREFIX_PATH}:/opt/ros/humble /usr/bin/cmake --build /home/mac_vaibubuntu/ass6_ws/build/robo_ro -- -j4 -l4
[2.123s] Invoking command in '/home/mac_vaibubuntu/ass6_ws/build/robo_ro': CMAKE_PREFIX_PATH=${CMAKE_PREFIX_PATH}:/opt/ros/humble /usr/bin/cmake --install /home/mac_vaibubuntu/ass6_ws/build/robo_ro
[2.131s] -- Install configuration: ""
[2.131s] -- Installing: /home/mac_vaibubuntu/ass6_ws/install/robo_ro/share/ament_index/resource_index/package_run_dependencies/robo_ro
[2.131s] -- Installing: /home/mac_vaibubuntu/ass6_ws/install/robo_ro/share/ament_index/resource_index/parent_prefix_path/robo_ro
[2.131s] -- Installing: /home/mac_vaibubuntu/ass6_ws/install/robo_ro/share/robo_ro/environment/ament_prefix_path.sh
[2.135s] -- Installing: /home/mac_vaibubuntu/ass6_ws/install/robo_ro/share/robo_ro/environment/ament_prefix_path.dsv
[2.135s] -- Installing: /home/mac_vaibubuntu/ass6_ws/install/robo_ro/share/robo_ro/environment/path.sh
[2.135s] -- Installing: /home/mac_vaibubuntu/ass6_ws/install/robo_ro/share/robo_ro/environment/path.dsv
[2.135s] -- Installing: /home/mac_vaibubuntu/ass6_ws/install/robo_ro/share/robo_ro/local_setup.bash
[2.135s] -- Installing: /home/mac_vaibubuntu/ass6_ws/install/robo_ro/share/robo_ro/local_setup.sh
[2.135s] -- Installing: /home/mac_vaibubuntu/ass6_ws/install/robo_ro/share/robo_ro/local_setup.zsh
[2.135s] -- Installing: /home/mac_vaibubuntu/ass6_ws/install/robo_ro/share/robo_ro/local_setup.dsv
[2.135s] -- Installing: /home/mac_vaibubuntu/ass6_ws/install/robo_ro/share/robo_ro/package.dsv
[2.135s] -- Installing: /home/mac_vaibubuntu/ass6_ws/install/robo_ro/share/ament_index/resource_index/packages/robo_ro
[2.135s] -- Installing: /home/mac_vaibubuntu/ass6_ws/install/robo_ro/share/robo_ro/cmake/robo_roConfig.cmake
[2.136s] -- Installing: /home/mac_vaibubuntu/ass6_ws/install/robo_ro/share/robo_ro/cmake/robo_roConfig-version.cmake
[2.138s] -- Installing: /home/mac_vaibubuntu/ass6_ws/install/robo_ro/share/robo_ro/package.xml
[2.140s] Invoked command in '/home/mac_vaibubuntu/ass6_ws/build/robo_ro' returned '0': CMAKE_PREFIX_PATH=${CMAKE_PREFIX_PATH}:/opt/ros/humble /usr/bin/cmake --install /home/mac_vaibubuntu/ass6_ws/build/robo_ro
