running egg_info
creating ../../build/rover_iroc/rover_iroc.egg-info
writing ../../build/rover_iroc/rover_iroc.egg-info/PKG-INFO
writing dependency_links to ../../build/rover_iroc/rover_iroc.egg-info/dependency_links.txt
writing entry points to ../../build/rover_iroc/rover_iroc.egg-info/entry_points.txt
writing requirements to ../../build/rover_iroc/rover_iroc.egg-info/requires.txt
writing top-level names to ../../build/rover_iroc/rover_iroc.egg-info/top_level.txt
writing manifest file '../../build/rover_iroc/rover_iroc.egg-info/SOURCES.txt'
reading manifest file '../../build/rover_iroc/rover_iroc.egg-info/SOURCES.txt'
adding license file 'LICENSE'
writing manifest file '../../build/rover_iroc/rover_iroc.egg-info/SOURCES.txt'
running build
running build_py
creating /home/mac_vaibubuntu/ass6_ws/build/rover_iroc/build
creating /home/mac_vaibubuntu/ass6_ws/build/rover_iroc/build/lib
creating /home/mac_vaibubuntu/ass6_ws/build/rover_iroc/build/lib/rover_iroc
copying rover_iroc/__init__.py -> /home/mac_vaibubuntu/ass6_ws/build/rover_iroc/build/lib/rover_iroc
running install
running install_lib
creating /home/mac_vaibubuntu/ass6_ws/install/rover_iroc/lib/python3.10/site-packages/rover_iroc
copying /home/mac_vaibubuntu/ass6_ws/build/rover_iroc/build/lib/rover_iroc/__init__.py -> /home/mac_vaibubuntu/ass6_ws/install/rover_iroc/lib/python3.10/site-packages/rover_iroc
byte-compiling /home/mac_vaibubuntu/ass6_ws/install/rover_iroc/lib/python3.10/site-packages/rover_iroc/__init__.py to __init__.cpython-310.pyc
running install_data
creating /home/mac_vaibubuntu/ass6_ws/install/rover_iroc/share/ament_index
creating /home/mac_vaibubuntu/ass6_ws/install/rover_iroc/share/ament_index/resource_index
creating /home/mac_vaibubuntu/ass6_ws/install/rover_iroc/share/ament_index/resource_index/packages
copying resource/rover_iroc -> /home/mac_vaibubuntu/ass6_ws/install/rover_iroc/share/ament_index/resource_index/packages
copying package.xml -> /home/mac_vaibubuntu/ass6_ws/install/rover_iroc/share/rover_iroc
running install_egg_info
Copying ../../build/rover_iroc/rover_iroc.egg-info to /home/mac_vaibubuntu/ass6_ws/install/rover_iroc/lib/python3.10/site-packages/rover_iroc-0.0.0-py3.10.egg-info
running install_scripts
writing list of installed files to '/home/mac_vaibubuntu/ass6_ws/build/rover_iroc/install.log'
