[1.353s] Invoking command in '/home/mac_vaibubuntu/ass6_ws/src/rover_iroc': PYTHONPATH=/home/mac_vaibubuntu/ass6_ws/build/rover_iroc/prefix_override:/home/mac_vaibubuntu/ass6_ws/install/rover_iroc/lib/python3.10/site-packages:${PYTHONPATH} /usr/bin/python3 -W ignore:setup.py install is deprecated setup.py egg_info --egg-base ../../build/rover_iroc build --build-base /home/mac_vaibubuntu/ass6_ws/build/rover_iroc/build install --record /home/mac_vaibubuntu/ass6_ws/build/rover_iroc/install.log --single-version-externally-managed install_data
[1.619s] running egg_info
[1.620s] creating ../../build/rover_iroc/rover_iroc.egg-info
[1.620s] writing ../../build/rover_iroc/rover_iroc.egg-info/PKG-INFO
[1.620s] writing dependency_links to ../../build/rover_iroc/rover_iroc.egg-info/dependency_links.txt
[1.621s] writing entry points to ../../build/rover_iroc/rover_iroc.egg-info/entry_points.txt
[1.621s] writing requirements to ../../build/rover_iroc/rover_iroc.egg-info/requires.txt
[1.621s] writing top-level names to ../../build/rover_iroc/rover_iroc.egg-info/top_level.txt
[1.621s] writing manifest file '../../build/rover_iroc/rover_iroc.egg-info/SOURCES.txt'
[1.622s] reading manifest file '../../build/rover_iroc/rover_iroc.egg-info/SOURCES.txt'
[1.623s] adding license file 'LICENSE'
[1.623s] writing manifest file '../../build/rover_iroc/rover_iroc.egg-info/SOURCES.txt'
[1.623s] running build
[1.623s] running build_py
[1.624s] creating /home/mac_vaibubuntu/ass6_ws/build/rover_iroc/build
[1.624s] creating /home/mac_vaibubuntu/ass6_ws/build/rover_iroc/build/lib
[1.624s] creating /home/mac_vaibubuntu/ass6_ws/build/rover_iroc/build/lib/rover_iroc
[1.624s] copying rover_iroc/__init__.py -> /home/mac_vaibubuntu/ass6_ws/build/rover_iroc/build/lib/rover_iroc
[1.624s] running install
[1.625s] running install_lib
[1.625s] creating /home/mac_vaibubuntu/ass6_ws/install/rover_iroc/lib/python3.10/site-packages/rover_iroc
[1.626s] copying /home/mac_vaibubuntu/ass6_ws/build/rover_iroc/build/lib/rover_iroc/__init__.py -> /home/mac_vaibubuntu/ass6_ws/install/rover_iroc/lib/python3.10/site-packages/rover_iroc
[1.626s] byte-compiling /home/mac_vaibubuntu/ass6_ws/install/rover_iroc/lib/python3.10/site-packages/rover_iroc/__init__.py to __init__.cpython-310.pyc
[1.626s] running install_data
[1.626s] creating /home/mac_vaibubuntu/ass6_ws/install/rover_iroc/share/ament_index
[1.626s] creating /home/mac_vaibubuntu/ass6_ws/install/rover_iroc/share/ament_index/resource_index
[1.628s] creating /home/mac_vaibubuntu/ass6_ws/install/rover_iroc/share/ament_index/resource_index/packages
[1.628s] copying resource/rover_iroc -> /home/mac_vaibubuntu/ass6_ws/install/rover_iroc/share/ament_index/resource_index/packages
[1.628s] copying package.xml -> /home/mac_vaibubuntu/ass6_ws/install/rover_iroc/share/rover_iroc
[1.628s] running install_egg_info
[1.630s] Copying ../../build/rover_iroc/rover_iroc.egg-info to /home/mac_vaibubuntu/ass6_ws/install/rover_iroc/lib/python3.10/site-packages/rover_iroc-0.0.0-py3.10.egg-info
[1.631s] running install_scripts
[1.651s] writing list of installed files to '/home/mac_vaibubuntu/ass6_ws/build/rover_iroc/install.log'
[1.678s] Invoked command in '/home/mac_vaibubuntu/ass6_ws/src/rover_iroc' returned '0': PYTHONPATH=/home/mac_vaibubuntu/ass6_ws/build/rover_iroc/prefix_override:/home/mac_vaibubuntu/ass6_ws/install/rover_iroc/lib/python3.10/site-packages:${PYTHONPATH} /usr/bin/python3 -W ignore:setup.py install is deprecated setup.py egg_info --egg-base ../../build/rover_iroc build --build-base /home/mac_vaibubuntu/ass6_ws/build/rover_iroc/build install --record /home/mac_vaibubuntu/ass6_ws/build/rover_iroc/install.log --single-version-externally-managed install_data
