running egg_info
writing ../../build/rover_iroc/rover_iroc.egg-info/PKG-INFO
writing dependency_links to ../../build/rover_iroc/rover_iroc.egg-info/dependency_links.txt
writing entry points to ../../build/rover_iroc/rover_iroc.egg-info/entry_points.txt
writing requirements to ../../build/rover_iroc/rover_iroc.egg-info/requires.txt
writing top-level names to ../../build/rover_iroc/rover_iroc.egg-info/top_level.txt
reading manifest file '../../build/rover_iroc/rover_iroc.egg-info/SOURCES.txt'
adding license file 'LICENSE'
writing manifest file '../../build/rover_iroc/rover_iroc.egg-info/SOURCES.txt'
running build
running build_py
copying rover_iroc/movement.py -> /home/mac_vaibubuntu/ass6_ws/build/rover_iroc/build/lib/rover_iroc
running install
running install_lib
copying /home/mac_vaibubuntu/ass6_ws/build/rover_iroc/build/lib/rover_iroc/movement.py -> /home/mac_vaibubuntu/ass6_ws/install/rover_iroc/lib/python3.10/site-packages/rover_iroc
byte-compiling /home/mac_vaibubuntu/ass6_ws/install/rover_iroc/lib/python3.10/site-packages/rover_iroc/movement.py to movement.cpython-310.pyc
running install_data
running install_egg_info
removing '/home/mac_vaibubuntu/ass6_ws/install/rover_iroc/lib/python3.10/site-packages/rover_iroc-0.0.0-py3.10.egg-info' (and everything under it)
Copying ../../build/rover_iroc/rover_iroc.egg-info to /home/mac_vaibubuntu/ass6_ws/install/rover_iroc/lib/python3.10/site-packages/rover_iroc-0.0.0-py3.10.egg-info
running install_scripts
writing list of installed files to '/home/mac_vaibubuntu/ass6_ws/build/rover_iroc/install.log'
