[0.910s] Invoking command in '/home/mac_vaibubuntu/ass6_ws/src/rover_iroc': PYTHONPATH=/home/mac_vaibubuntu/ass6_ws/build/rover_iroc/prefix_override:/home/mac_vaibubuntu/ass6_ws/install/rover_iroc/lib/python3.10/site-packages:${PYTHONPATH} /usr/bin/python3 -W ignore:setup.py install is deprecated setup.py egg_info --egg-base ../../build/rover_iroc build --build-base /home/mac_vaibubuntu/ass6_ws/build/rover_iroc/build install --record /home/mac_vaibubuntu/ass6_ws/build/rover_iroc/install.log --single-version-externally-managed install_data
[1.179s] running egg_info
[1.180s] writing ../../build/rover_iroc/rover_iroc.egg-info/PKG-INFO
[1.180s] writing dependency_links to ../../build/rover_iroc/rover_iroc.egg-info/dependency_links.txt
[1.181s] writing entry points to ../../build/rover_iroc/rover_iroc.egg-info/entry_points.txt
[1.181s] writing requirements to ../../build/rover_iroc/rover_iroc.egg-info/requires.txt
[1.181s] writing top-level names to ../../build/rover_iroc/rover_iroc.egg-info/top_level.txt
[1.183s] reading manifest file '../../build/rover_iroc/rover_iroc.egg-info/SOURCES.txt'
[1.184s] adding license file 'LICENSE'
[1.184s] writing manifest file '../../build/rover_iroc/rover_iroc.egg-info/SOURCES.txt'
[1.185s] running build
[1.185s] running build_py
[1.185s] copying rover_iroc/movement.py -> /home/mac_vaibubuntu/ass6_ws/build/rover_iroc/build/lib/rover_iroc
[1.186s] running install
[1.186s] running install_lib
[1.187s] copying /home/mac_vaibubuntu/ass6_ws/build/rover_iroc/build/lib/rover_iroc/movement.py -> /home/mac_vaibubuntu/ass6_ws/install/rover_iroc/lib/python3.10/site-packages/rover_iroc
[1.188s] byte-compiling /home/mac_vaibubuntu/ass6_ws/install/rover_iroc/lib/python3.10/site-packages/rover_iroc/movement.py to movement.cpython-310.pyc
[1.189s] running install_data
[1.189s] running install_egg_info
[1.192s] removing '/home/mac_vaibubuntu/ass6_ws/install/rover_iroc/lib/python3.10/site-packages/rover_iroc-0.0.0-py3.10.egg-info' (and everything under it)
[1.192s] Copying ../../build/rover_iroc/rover_iroc.egg-info to /home/mac_vaibubuntu/ass6_ws/install/rover_iroc/lib/python3.10/site-packages/rover_iroc-0.0.0-py3.10.egg-info
[1.193s] running install_scripts
[1.217s] writing list of installed files to '/home/mac_vaibubuntu/ass6_ws/build/rover_iroc/install.log'
[1.246s] Invoked command in '/home/mac_vaibubuntu/ass6_ws/src/rover_iroc' returned '0': PYTHONPATH=/home/mac_vaibubuntu/ass6_ws/build/rover_iroc/prefix_override:/home/mac_vaibubuntu/ass6_ws/install/rover_iroc/lib/python3.10/site-packages:${PYTHONPATH} /usr/bin/python3 -W ignore:setup.py install is deprecated setup.py egg_info --egg-base ../../build/rover_iroc build --build-base /home/mac_vaibubuntu/ass6_ws/build/rover_iroc/build install --record /home/mac_vaibubuntu/ass6_ws/build/rover_iroc/install.log --single-version-externally-managed install_data
