[0.219s] DEBUG:colcon:Command line arguments: ['/usr/bin/colcon', 'build']
[0.219s] DEBUG:colcon:Parsed command line arguments: Namespace(log_base=None, log_level=None, verb_name='build', build_base='build', install_base='install', merge_install=False, symlink_install=False, test_result_base=None, continue_on_error=False, executor='parallel', parallel_workers=4, event_handlers=None, ignore_user_meta=False, metas=['./colcon.meta'], base_paths=['.'], packages_ignore=None, packages_ignore_regex=None, paths=None, packages_up_to=None, packages_up_to_regex=None, packages_above=None, packages_above_and_dependencies=None, packages_above_depth=None, packages_select_by_dep=None, packages_skip_by_dep=None, packages_skip_up_to=None, packages_select_build_failed=False, packages_skip_build_finished=False, packages_select_test_failures=False, packages_skip_test_passed=False, packages_select=None, packages_skip=None, packages_select_regex=None, packages_skip_regex=None, packages_start=None, packages_end=None, allow_overriding=[], cmake_args=None, cmake_target=None, cmake_target_skip_unavailable=False, cmake_clean_cache=False, cmake_clean_first=False, cmake_force_configure=False, ament_cmake_args=None, catkin_cmake_args=None, catkin_skip_building_tests=False, mixin_files=None, mixin=None, verb_parser=<colcon_mixin.mixin.mixin_argument.MixinArgumentDecorator object at 0xffffa3a7a470>, verb_extension=<colcon_core.verb.build.BuildVerb object at 0xffffa3c3ea10>, main=<bound method BuildVerb.main of <colcon_core.verb.build.BuildVerb object at 0xffffa3c3ea10>>, mixin_verb=('build',))
[0.470s] Level 1:colcon.colcon_core.package_discovery:discover_packages(colcon_meta) check parameters
[0.470s] Level 1:colcon.colcon_core.package_discovery:discover_packages(recursive) check parameters
[0.470s] Level 1:colcon.colcon_core.package_discovery:discover_packages(ignore) check parameters
[0.470s] Level 1:colcon.colcon_core.package_discovery:discover_packages(path) check parameters
[0.470s] Level 1:colcon.colcon_core.package_discovery:discover_packages(colcon_meta) discover
[0.470s] Level 1:colcon.colcon_core.package_discovery:discover_packages(recursive) discover
[0.470s] INFO:colcon.colcon_core.package_discovery:Crawling recursively for packages in '/home/mac_vaibubuntu/ass6_ws'
[0.471s] Level 1:colcon.colcon_core.package_identification:_identify(.) by extensions ['ignore', 'ignore_ament_install']
[0.471s] Level 1:colcon.colcon_core.package_identification:_identify(.) by extension 'ignore'
[0.471s] Level 1:colcon.colcon_core.package_identification:_identify(.) by extension 'ignore_ament_install'
[0.471s] Level 1:colcon.colcon_core.package_identification:_identify(.) by extensions ['colcon_pkg']
[0.471s] Level 1:colcon.colcon_core.package_identification:_identify(.) by extension 'colcon_pkg'
[0.471s] Level 1:colcon.colcon_core.package_identification:_identify(.) by extensions ['colcon_meta']
[0.471s] Level 1:colcon.colcon_core.package_identification:_identify(.) by extension 'colcon_meta'
[0.471s] Level 1:colcon.colcon_core.package_identification:_identify(.) by extensions ['ros']
[0.471s] Level 1:colcon.colcon_core.package_identification:_identify(.) by extension 'ros'
[0.484s] Level 1:colcon.colcon_core.package_identification:_identify(.) by extensions ['cmake', 'python']
[0.484s] Level 1:colcon.colcon_core.package_identification:_identify(.) by extension 'cmake'
[0.484s] Level 1:colcon.colcon_core.package_identification:_identify(.) by extension 'python'
[0.485s] Level 1:colcon.colcon_core.package_identification:_identify(.) by extensions ['python_setup_py']
[0.485s] Level 1:colcon.colcon_core.package_identification:_identify(.) by extension 'python_setup_py'
[0.485s] Level 1:colcon.colcon_core.package_identification:_identify(build) by extensions ['ignore', 'ignore_ament_install']
[0.485s] Level 1:colcon.colcon_core.package_identification:_identify(build) by extension 'ignore'
[0.485s] Level 1:colcon.colcon_core.package_identification:_identify(build) ignored
[0.485s] Level 1:colcon.colcon_core.package_identification:_identify(install) by extensions ['ignore', 'ignore_ament_install']
[0.485s] Level 1:colcon.colcon_core.package_identification:_identify(install) by extension 'ignore'
[0.485s] Level 1:colcon.colcon_core.package_identification:_identify(install) ignored
[0.485s] Level 1:colcon.colcon_core.package_identification:_identify(log) by extensions ['ignore', 'ignore_ament_install']
[0.485s] Level 1:colcon.colcon_core.package_identification:_identify(log) by extension 'ignore'
[0.485s] Level 1:colcon.colcon_core.package_identification:_identify(log) ignored
[0.485s] Level 1:colcon.colcon_core.package_identification:_identify(src) by extensions ['ignore', 'ignore_ament_install']
[0.485s] Level 1:colcon.colcon_core.package_identification:_identify(src) by extension 'ignore'
[0.486s] Level 1:colcon.colcon_core.package_identification:_identify(src) by extension 'ignore_ament_install'
[0.486s] Level 1:colcon.colcon_core.package_identification:_identify(src) by extensions ['colcon_pkg']
[0.486s] Level 1:colcon.colcon_core.package_identification:_identify(src) by extension 'colcon_pkg'
[0.486s] Level 1:colcon.colcon_core.package_identification:_identify(src) by extensions ['colcon_meta']
[0.486s] Level 1:colcon.colcon_core.package_identification:_identify(src) by extension 'colcon_meta'
[0.486s] Level 1:colcon.colcon_core.package_identification:_identify(src) by extensions ['ros']
[0.486s] Level 1:colcon.colcon_core.package_identification:_identify(src) by extension 'ros'
[0.486s] Level 1:colcon.colcon_core.package_identification:_identify(src) by extensions ['cmake', 'python']
[0.486s] Level 1:colcon.colcon_core.package_identification:_identify(src) by extension 'cmake'
[0.486s] Level 1:colcon.colcon_core.package_identification:_identify(src) by extension 'python'
[0.486s] Level 1:colcon.colcon_core.package_identification:_identify(src) by extensions ['python_setup_py']
[0.486s] Level 1:colcon.colcon_core.package_identification:_identify(src) by extension 'python_setup_py'
[0.486s] Level 1:colcon.colcon_core.package_identification:_identify(src/robo_ro) by extensions ['ignore', 'ignore_ament_install']
[0.486s] Level 1:colcon.colcon_core.package_identification:_identify(src/robo_ro) by extension 'ignore'
[0.486s] Level 1:colcon.colcon_core.package_identification:_identify(src/robo_ro) by extension 'ignore_ament_install'
[0.486s] Level 1:colcon.colcon_core.package_identification:_identify(src/robo_ro) by extensions ['colcon_pkg']
[0.486s] Level 1:colcon.colcon_core.package_identification:_identify(src/robo_ro) by extension 'colcon_pkg'
[0.486s] Level 1:colcon.colcon_core.package_identification:_identify(src/robo_ro) by extensions ['colcon_meta']
[0.486s] Level 1:colcon.colcon_core.package_identification:_identify(src/robo_ro) by extension 'colcon_meta'
[0.487s] Level 1:colcon.colcon_core.package_identification:_identify(src/robo_ro) by extensions ['ros']
[0.487s] Level 1:colcon.colcon_core.package_identification:_identify(src/robo_ro) by extension 'ros'
[0.493s] DEBUG:colcon.colcon_core.package_identification:Package 'src/robo_ro' with type 'ros.ament_cmake' and name 'robo_ro'
[0.493s] Level 1:colcon.colcon_core.package_discovery:discover_packages(recursive) using defaults
[0.493s] Level 1:colcon.colcon_core.package_discovery:discover_packages(ignore) discover
[0.493s] Level 1:colcon.colcon_core.package_discovery:discover_packages(ignore) using defaults
[0.493s] Level 1:colcon.colcon_core.package_discovery:discover_packages(path) discover
[0.493s] Level 1:colcon.colcon_core.package_discovery:discover_packages(path) using defaults
[0.537s] Level 1:colcon.colcon_core.package_discovery:discover_packages(prefix_path) check parameters
[0.537s] Level 1:colcon.colcon_core.package_discovery:discover_packages(prefix_path) discover
[0.540s] DEBUG:colcon.colcon_installed_package_information.package_discovery:Found 1 installed packages in /home/mac_vaibubuntu/iroc_ws/install
[0.542s] DEBUG:colcon.colcon_installed_package_information.package_discovery:Found 288 installed packages in /opt/ros/humble
[0.544s] Level 1:colcon.colcon_core.package_discovery:discover_packages(prefix_path) using defaults
[0.619s] Level 5:colcon.colcon_core.verb:set package 'robo_ro' build argument 'cmake_args' from command line to 'None'
[0.619s] Level 5:colcon.colcon_core.verb:set package 'robo_ro' build argument 'cmake_target' from command line to 'None'
[0.619s] Level 5:colcon.colcon_core.verb:set package 'robo_ro' build argument 'cmake_target_skip_unavailable' from command line to 'False'
[0.619s] Level 5:colcon.colcon_core.verb:set package 'robo_ro' build argument 'cmake_clean_cache' from command line to 'False'
[0.619s] Level 5:colcon.colcon_core.verb:set package 'robo_ro' build argument 'cmake_clean_first' from command line to 'False'
[0.619s] Level 5:colcon.colcon_core.verb:set package 'robo_ro' build argument 'cmake_force_configure' from command line to 'False'
[0.619s] Level 5:colcon.colcon_core.verb:set package 'robo_ro' build argument 'ament_cmake_args' from command line to 'None'
[0.619s] Level 5:colcon.colcon_core.verb:set package 'robo_ro' build argument 'catkin_cmake_args' from command line to 'None'
[0.619s] Level 5:colcon.colcon_core.verb:set package 'robo_ro' build argument 'catkin_skip_building_tests' from command line to 'False'
[0.619s] DEBUG:colcon.colcon_core.verb:Building package 'robo_ro' with the following arguments: {'ament_cmake_args': None, 'build_base': '/home/mac_vaibubuntu/ass6_ws/build/robo_ro', 'catkin_cmake_args': None, 'catkin_skip_building_tests': False, 'cmake_args': None, 'cmake_clean_cache': False, 'cmake_clean_first': False, 'cmake_force_configure': False, 'cmake_target': None, 'cmake_target_skip_unavailable': False, 'install_base': '/home/mac_vaibubuntu/ass6_ws/install/robo_ro', 'merge_install': False, 'path': '/home/mac_vaibubuntu/ass6_ws/src/robo_ro', 'symlink_install': False, 'test_result_base': None}
[0.620s] INFO:colcon.colcon_core.executor:Executing jobs using 'parallel' executor
[0.636s] DEBUG:colcon.colcon_parallel_executor.executor.parallel:run_until_complete
[0.637s] INFO:colcon.colcon_ros.task.ament_cmake.build:Building ROS package in '/home/mac_vaibubuntu/ass6_ws/src/robo_ro' with build type 'ament_cmake'
[0.637s] INFO:colcon.colcon_cmake.task.cmake.build:Building CMake package in '/home/mac_vaibubuntu/ass6_ws/src/robo_ro'
[0.639s] INFO:colcon.colcon_core.plugin_system:Skipping extension 'colcon_core.shell.bat': Not used on non-Windows systems
[0.639s] INFO:colcon.colcon_core.shell:Skip shell extension 'powershell' for command environment: Not usable outside of PowerShell
[0.639s] DEBUG:colcon.colcon_core.shell:Skip shell extension 'dsv' for command environment
[0.683s] DEBUG:colcon.colcon_core.event_handler.log_command:Invoking command in '/home/mac_vaibubuntu/ass6_ws/build/robo_ro': CMAKE_PREFIX_PATH=${CMAKE_PREFIX_PATH}:/opt/ros/humble /usr/bin/cmake /home/mac_vaibubuntu/ass6_ws/src/robo_ro -DCMAKE_INSTALL_PREFIX=/home/mac_vaibubuntu/ass6_ws/install/robo_ro
[2.653s] DEBUG:colcon.colcon_core.event_handler.log_command:Invoked command in '/home/mac_vaibubuntu/ass6_ws/build/robo_ro' returned '0': CMAKE_PREFIX_PATH=${CMAKE_PREFIX_PATH}:/opt/ros/humble /usr/bin/cmake /home/mac_vaibubuntu/ass6_ws/src/robo_ro -DCMAKE_INSTALL_PREFIX=/home/mac_vaibubuntu/ass6_ws/install/robo_ro
[2.656s] DEBUG:colcon.colcon_core.event_handler.log_command:Invoking command in '/home/mac_vaibubuntu/ass6_ws/build/robo_ro': CMAKE_PREFIX_PATH=${CMAKE_PREFIX_PATH}:/opt/ros/humble /usr/bin/cmake --build /home/mac_vaibubuntu/ass6_ws/build/robo_ro -- -j4 -l4
[2.709s] DEBUG:colcon.colcon_core.event_handler.log_command:Invoked command in '/home/mac_vaibubuntu/ass6_ws/build/robo_ro' returned '0': CMAKE_PREFIX_PATH=${CMAKE_PREFIX_PATH}:/opt/ros/humble /usr/bin/cmake --build /home/mac_vaibubuntu/ass6_ws/build/robo_ro -- -j4 -l4
[2.761s] DEBUG:colcon.colcon_core.event_handler.log_command:Invoking command in '/home/mac_vaibubuntu/ass6_ws/build/robo_ro': CMAKE_PREFIX_PATH=${CMAKE_PREFIX_PATH}:/opt/ros/humble /usr/bin/cmake --install /home/mac_vaibubuntu/ass6_ws/build/robo_ro
[2.777s] Level 1:colcon.colcon_core.environment:create_environment_scripts_only(robo_ro)
[2.777s] DEBUG:colcon.colcon_core.event_handler.log_command:Invoked command in '/home/mac_vaibubuntu/ass6_ws/build/robo_ro' returned '0': CMAKE_PREFIX_PATH=${CMAKE_PREFIX_PATH}:/opt/ros/humble /usr/bin/cmake --install /home/mac_vaibubuntu/ass6_ws/build/robo_ro
[2.794s] Level 1:colcon.colcon_core.environment:checking '/home/mac_vaibubuntu/ass6_ws/install/robo_ro' for CMake module files
[2.795s] Level 1:colcon.colcon_core.environment:checking '/home/mac_vaibubuntu/ass6_ws/install/robo_ro' for CMake config files
[2.795s] Level 1:colcon.colcon_core.shell:create_environment_hook('robo_ro', 'cmake_prefix_path')
[2.795s] INFO:colcon.colcon_core.shell:Creating environment hook '/home/mac_vaibubuntu/ass6_ws/install/robo_ro/share/robo_ro/hook/cmake_prefix_path.ps1'
[2.796s] INFO:colcon.colcon_core.shell:Creating environment descriptor '/home/mac_vaibubuntu/ass6_ws/install/robo_ro/share/robo_ro/hook/cmake_prefix_path.dsv'
[2.797s] INFO:colcon.colcon_core.shell:Creating environment hook '/home/mac_vaibubuntu/ass6_ws/install/robo_ro/share/robo_ro/hook/cmake_prefix_path.sh'
[2.799s] Level 1:colcon.colcon_core.environment:checking '/home/mac_vaibubuntu/ass6_ws/install/robo_ro/bin'
[2.799s] Level 1:colcon.colcon_core.environment:checking '/home/mac_vaibubuntu/ass6_ws/install/robo_ro/lib/pkgconfig/robo_ro.pc'
[2.799s] Level 1:colcon.colcon_core.environment:checking '/home/mac_vaibubuntu/ass6_ws/install/robo_ro/lib/python3.10/site-packages'
[2.799s] Level 1:colcon.colcon_core.environment:checking '/home/mac_vaibubuntu/ass6_ws/install/robo_ro/bin'
[2.800s] INFO:colcon.colcon_core.shell:Creating package script '/home/mac_vaibubuntu/ass6_ws/install/robo_ro/share/robo_ro/package.ps1'
[2.801s] INFO:colcon.colcon_core.shell:Creating package descriptor '/home/mac_vaibubuntu/ass6_ws/install/robo_ro/share/robo_ro/package.dsv'
[2.802s] INFO:colcon.colcon_core.shell:Creating package script '/home/mac_vaibubuntu/ass6_ws/install/robo_ro/share/robo_ro/package.sh'
[2.803s] INFO:colcon.colcon_core.shell:Creating package script '/home/mac_vaibubuntu/ass6_ws/install/robo_ro/share/robo_ro/package.bash'
[2.804s] INFO:colcon.colcon_core.shell:Creating package script '/home/mac_vaibubuntu/ass6_ws/install/robo_ro/share/robo_ro/package.zsh'
[2.806s] Level 1:colcon.colcon_core.environment:create_file_with_runtime_dependencies(/home/mac_vaibubuntu/ass6_ws/install/robo_ro/share/colcon-core/packages/robo_ro)
[2.841s] Level 1:colcon.colcon_core.environment:create_environment_scripts_only(robo_ro)
[2.841s] Level 1:colcon.colcon_core.environment:checking '/home/mac_vaibubuntu/ass6_ws/install/robo_ro' for CMake module files
[2.841s] Level 1:colcon.colcon_core.environment:checking '/home/mac_vaibubuntu/ass6_ws/install/robo_ro' for CMake config files
[2.841s] Level 1:colcon.colcon_core.shell:create_environment_hook('robo_ro', 'cmake_prefix_path')
[2.842s] INFO:colcon.colcon_core.shell:Creating environment hook '/home/mac_vaibubuntu/ass6_ws/install/robo_ro/share/robo_ro/hook/cmake_prefix_path.ps1'
[2.842s] INFO:colcon.colcon_core.shell:Creating environment descriptor '/home/mac_vaibubuntu/ass6_ws/install/robo_ro/share/robo_ro/hook/cmake_prefix_path.dsv'
[2.842s] INFO:colcon.colcon_core.shell:Creating environment hook '/home/mac_vaibubuntu/ass6_ws/install/robo_ro/share/robo_ro/hook/cmake_prefix_path.sh'
[2.843s] Level 1:colcon.colcon_core.environment:checking '/home/mac_vaibubuntu/ass6_ws/install/robo_ro/bin'
[2.843s] Level 1:colcon.colcon_core.environment:checking '/home/mac_vaibubuntu/ass6_ws/install/robo_ro/lib/pkgconfig/robo_ro.pc'
[2.843s] Level 1:colcon.colcon_core.environment:checking '/home/mac_vaibubuntu/ass6_ws/install/robo_ro/lib/python3.10/site-packages'
[2.844s] Level 1:colcon.colcon_core.environment:checking '/home/mac_vaibubuntu/ass6_ws/install/robo_ro/bin'
[2.844s] INFO:colcon.colcon_core.shell:Creating package script '/home/mac_vaibubuntu/ass6_ws/install/robo_ro/share/robo_ro/package.ps1'
[2.845s] INFO:colcon.colcon_core.shell:Creating package descriptor '/home/mac_vaibubuntu/ass6_ws/install/robo_ro/share/robo_ro/package.dsv'
[2.845s] INFO:colcon.colcon_core.shell:Creating package script '/home/mac_vaibubuntu/ass6_ws/install/robo_ro/share/robo_ro/package.sh'
[2.846s] INFO:colcon.colcon_core.shell:Creating package script '/home/mac_vaibubuntu/ass6_ws/install/robo_ro/share/robo_ro/package.bash'
[2.846s] INFO:colcon.colcon_core.shell:Creating package script '/home/mac_vaibubuntu/ass6_ws/install/robo_ro/share/robo_ro/package.zsh'
[2.846s] Level 1:colcon.colcon_core.environment:create_file_with_runtime_dependencies(/home/mac_vaibubuntu/ass6_ws/install/robo_ro/share/colcon-core/packages/robo_ro)
[2.847s] DEBUG:colcon.colcon_parallel_executor.executor.parallel:closing loop
[2.847s] DEBUG:colcon.colcon_parallel_executor.executor.parallel:loop closed
[2.847s] DEBUG:colcon.colcon_parallel_executor.executor.parallel:run_until_complete finished with '0'
[2.847s] DEBUG:colcon.colcon_core.event_reactor:joining thread
[2.854s] INFO:colcon.colcon_core.plugin_system:Skipping extension 'colcon_notification.desktop_notification.terminal_notifier': Not used on non-Darwin systems
[2.855s] INFO:colcon.colcon_core.plugin_system:Skipping extension 'colcon_notification.desktop_notification.win32': Not used on non-Windows systems
[2.855s] INFO:colcon.colcon_notification.desktop_notification:Sending desktop notification using 'notify2'
[2.894s] DEBUG:colcon.colcon_core.event_reactor:joined thread
[2.895s] INFO:colcon.colcon_core.shell:Creating prefix script '/home/mac_vaibubuntu/ass6_ws/install/local_setup.ps1'
[2.896s] INFO:colcon.colcon_core.shell:Creating prefix util module '/home/mac_vaibubuntu/ass6_ws/install/_local_setup_util_ps1.py'
[2.898s] INFO:colcon.colcon_core.shell:Creating prefix chain script '/home/mac_vaibubuntu/ass6_ws/install/setup.ps1'
[2.899s] INFO:colcon.colcon_core.shell:Creating prefix script '/home/mac_vaibubuntu/ass6_ws/install/local_setup.sh'
[2.900s] INFO:colcon.colcon_core.shell:Creating prefix util module '/home/mac_vaibubuntu/ass6_ws/install/_local_setup_util_sh.py'
[2.900s] INFO:colcon.colcon_core.shell:Creating prefix chain script '/home/mac_vaibubuntu/ass6_ws/install/setup.sh'
[2.902s] INFO:colcon.colcon_core.shell:Creating prefix script '/home/mac_vaibubuntu/ass6_ws/install/local_setup.bash'
[2.902s] INFO:colcon.colcon_core.shell:Creating prefix chain script '/home/mac_vaibubuntu/ass6_ws/install/setup.bash'
[2.903s] INFO:colcon.colcon_core.shell:Creating prefix script '/home/mac_vaibubuntu/ass6_ws/install/local_setup.zsh'
[2.904s] INFO:colcon.colcon_core.shell:Creating prefix chain script '/home/mac_vaibubuntu/ass6_ws/install/setup.zsh'
